<?xml version="1.0" encoding="UTF-8"?>
<testsuite name="com.example.microservicesandtesting.features.UsersApiFeatureTest" tests="1" skipped="0" failures="0" errors="0" timestamp="2018-04-05T01:10:36" hostname="Kevins-MBP-3.fios-router.home" time="1.407">
  <properties/>
  <testcase name="shouldAllowFullCrudForAUser" classname="com.example.microservicesandtesting.features.UsersApiFeatureTest" time="1.407"/>
  <system-out><![CDATA[21:10:32.245 [Test worker] DEBUG org.springframework.test.context.junit4.SpringJUnit4ClassRunner - SpringJUnit4ClassRunner constructor called with [class com.example.microservicesandtesting.features.UsersApiFeatureTest]
21:10:32.251 [Test worker] DEBUG org.springframework.test.context.BootstrapUtils - Instantiating CacheAwareContextLoaderDelegate from class [org.springframework.test.context.cache.DefaultCacheAwareContextLoaderDelegate]
21:10:32.257 [Test worker] DEBUG org.springframework.test.context.BootstrapUtils - Instantiating BootstrapContext using constructor [public org.springframework.test.context.support.DefaultBootstrapContext(java.lang.Class,org.springframework.test.context.CacheAwareContextLoaderDelegate)]
21:10:32.279 [Test worker] DEBUG org.springframework.test.context.BootstrapUtils - Instantiating TestContextBootstrapper for test class [com.example.microservicesandtesting.features.UsersApiFeatureTest] from class [org.springframework.boot.test.context.SpringBootTestContextBootstrapper]
21:10:32.292 [Test worker] INFO org.springframework.boot.test.context.SpringBootTestContextBootstrapper - Neither @ContextConfiguration nor @ContextHierarchy found for test class [com.example.microservicesandtesting.features.UsersApiFeatureTest], using SpringBootContextLoader
21:10:32.296 [Test worker] DEBUG org.springframework.test.context.support.AbstractContextLoader - Did not detect default resource location for test class [com.example.microservicesandtesting.features.UsersApiFeatureTest]: class path resource [com/example/microservicesandtesting/features/UsersApiFeatureTest-context.xml] does not exist
21:10:32.296 [Test worker] DEBUG org.springframework.test.context.support.AbstractContextLoader - Did not detect default resource location for test class [com.example.microservicesandtesting.features.UsersApiFeatureTest]: class path resource [com/example/microservicesandtesting/features/UsersApiFeatureTestContext.groovy] does not exist
21:10:32.297 [Test worker] INFO org.springframework.test.context.support.AbstractContextLoader - Could not detect default resource locations for test class [com.example.microservicesandtesting.features.UsersApiFeatureTest]: no resource found for suffixes {-context.xml, Context.groovy}.
21:10:32.297 [Test worker] INFO org.springframework.test.context.support.AnnotationConfigContextLoaderUtils - Could not detect default configuration classes for test class [com.example.microservicesandtesting.features.UsersApiFeatureTest]: UsersApiFeatureTest does not declare any static, non-private, non-final, nested classes annotated with @Configuration.
21:10:32.326 [Test worker] DEBUG org.springframework.test.context.support.ActiveProfilesUtils - Could not find an 'annotation declaring class' for annotation type [org.springframework.test.context.ActiveProfiles] and class [com.example.microservicesandtesting.features.UsersApiFeatureTest]
21:10:32.332 [Test worker] DEBUG org.springframework.core.env.StandardEnvironment - Adding PropertySource 'systemProperties' with lowest search precedence
21:10:32.332 [Test worker] DEBUG org.springframework.core.env.StandardEnvironment - Adding PropertySource 'systemEnvironment' with lowest search precedence
21:10:32.333 [Test worker] DEBUG org.springframework.core.env.StandardEnvironment - Initialized StandardEnvironment with PropertySources [MapPropertySource@1790593904 {name='systemProperties', properties={java.vendor=Oracle Corporation, sun.java.launcher=SUN_STANDARD, sun.management.compiler=HotSpot 64-Bit Tiered Compilers, os.name=Mac OS X, sun.boot.class.path=/Library/Java/JavaVirtualMachines/jdk1.8.0_161.jdk/Contents/Home/jre/lib/resources.jar:/Library/Java/JavaVirtualMachines/jdk1.8.0_161.jdk/Contents/Home/jre/lib/rt.jar:/Library/Java/JavaVirtualMachines/jdk1.8.0_161.jdk/Contents/Home/jre/lib/sunrsasign.jar:/Library/Java/JavaVirtualMachines/jdk1.8.0_161.jdk/Contents/Home/jre/lib/jsse.jar:/Library/Java/JavaVirtualMachines/jdk1.8.0_161.jdk/Contents/Home/jre/lib/jce.jar:/Library/Java/JavaVirtualMachines/jdk1.8.0_161.jdk/Contents/Home/jre/lib/charsets.jar:/Library/Java/JavaVirtualMachines/jdk1.8.0_161.jdk/Contents/Home/jre/lib/jfr.jar:/Library/Java/JavaVirtualMachines/jdk1.8.0_161.jdk/Contents/Home/jre/classes, postgresdev_1.containerHostname=72ac39e98efb, api-gateway.host=localhost, java.vm.specification.vendor=Oracle Corporation, java.runtime.version=1.8.0_161-b12, user.name=kevinarora, api-gateway_1.containerHostname=29b808c4a7ee, user.language=en, sun.boot.library.path=/Library/Java/JavaVirtualMachines/jdk1.8.0_161.jdk/Contents/Home/jre/lib, eureka.tcp.8761=8761, api-gateway_1.host=localhost, java.version=1.8.0_161, user.timezone=America/New_York, sun.arch.data.model=64, http.nonProxyHosts=local|*.local|169.254/16|*.169.254/16, java.endorsed.dirs=/Library/Java/JavaVirtualMachines/jdk1.8.0_161.jdk/Contents/Home/jre/lib/endorsed, eureka.containerHostname=d7cb6ac3698f, sun.cpu.isalist=, sun.jnu.encoding=UTF-8, file.encoding.pkg=sun.io, file.separator=/, java.specification.name=Java Platform API Specification, java.class.version=52.0, user.country=US, java.home=/Library/Java/JavaVirtualMachines/jdk1.8.0_161.jdk/Contents/Home/jre, java.vm.info=mixed mode, os.version=10.11.6, path.separator=:, java.vm.version=25.161-b12, user.variant=, eureka_1.tcp.8761=8761, java.awt.printerjob=sun.lwawt.macosx.CPrinterJob, sun.io.unicode.encoding=UnicodeBig, awt.toolkit=sun.lwawt.macosx.LWCToolkit, socksNonProxyHosts=local|*.local|169.254/16|*.169.254/16, ftp.nonProxyHosts=local|*.local|169.254/16|*.169.254/16, users-api_1.containerHostname=4d52e82787e5, user.home=/Users/kevinarora, eureka_1.host=localhost, java.specification.vendor=Oracle Corporation, users-api.containerHostname=4d52e82787e5, org.gradle.test.worker=1, java.library.path=/Users/kevinarora/Library/Java/Extensions:/Library/Java/Extensions:/Network/Library/Java/Extensions:/System/Library/Java/Extensions:/usr/lib/java:., java.vendor.url=http://java.oracle.com/, java.vm.vendor=Oracle Corporation, gopherProxySet=false, eureka.host=localhost, java.runtime.name=Java(TM) SE Runtime Environment, sun.java.command=worker.org.gradle.process.internal.worker.GradleWorkerMain 'Gradle Test Executor 1', java.class.path=/Users/kevinarora/project4/build/classes/java/test:/Users/kevinarora/project4/build/resources/test:/Users/kevinarora/project4/build/classes/java/main:/Users/kevinarora/project4/build/resources/main:/Users/kevinarora/.gradle/caches/modules-2/files-2.1/org.springframework.boot/spring-boot-starter-data-jpa/2.0.0.RELEASE/cc7bc2df046149870255d22367f8f7276eb82e98/spring-boot-starter-data-jpa-2.0.0.RELEASE.jar:/Users/kevinarora/.gradle/caches/modules-2/files-2.1/org.springframework.boot/spring-boot-starter-web/2.0.0.RELEASE/fcb2a9e18f98382e626935841f85ed44d7153615/spring-boot-starter-web-2.0.0.RELEASE.jar:/Users/kevinarora/.gradle/caches/modules-2/files-2.1/org.postgresql/postgresql/42.2.1/b7f61848ac43ae9fa6e38935bfd75628b7fc9086/postgresql-42.2.1.jar:/Users/kevinarora/.gradle/caches/modules-2/files-2.1/org.springframework.boot/spring-boot-devtools/2.0.0.RELEASE/db0a05542d0d59b55cdee8767cb2ec41cf49e4a6/spring-boot-devtools-2.0.0.RELEASE.jar:/Users/kevinarora/.gradle/caches/modules-2/files-2.1/org.springframework.boot/spring-boot-starter-test/2.0.0.RELEASE/4ff0e1d9bd315a4a5867e9c6128691cac8b37348/spring-boot-starter-test-2.0.0.RELEASE.jar:/Users/kevinarora/.gradle/caches/modules-2/files-2.1/io.rest-assured/rest-assured/3.0.6/7048c659a0f1b8adca66af281edbf1397dddd63d/rest-assured-3.0.6.jar:/Users/kevinarora/.gradle/caches/modules-2/files-2.1/org.springframework.boot/spring-boot-starter-aop/2.0.0.RELEASE/9afd572ca8de272e6d919d914db5c73cd7d06ea2/spring-boot-starter-aop-2.0.0.RELEASE.jar:/Users/kevinarora/.gradle/caches/modules-2/files-2.1/org.springframework.boot/spring-boot-starter-jdbc/2.0.0.RELEASE/bfe586f729ed86a421a79ac1b18d4e05acd25d68/spring-boot-starter-jdbc-2.0.0.RELEASE.jar:/Users/kevinarora/.gradle/caches/modules-2/files-2.1/org.springframework.boot/spring-boot-starter-json/2.0.0.RELEASE/5a09c939d8bd60d7f163c1c0c20a3127ba9fffa/spring-boot-starter-json-2.0.0.RELEASE.jar:/Users/kevinarora/.gradle/caches/modules-2/files-2.1/org.springframework.boot/spring-boot-starter/2.0.0.RELEASE/6d7d8e4bf053cd1833f3c7dbce676bc274f0892f/spring-boot-starter-2.0.0.RELEASE.jar:/Users/kevinarora/.gradle/caches/modules-2/files-2.1/org.hibernate/hibernate-core/5.2.14.Final/2132ad4a9fa5088156469ec85306afe574bb8c24/hibernate-core-5.2.14.Final.jar:/Users/kevinarora/.gradle/caches/modules-2/files-2.1/javax.transaction/javax.transaction-api/1.2/d81aff979d603edd90dcd8db2abc1f4ce6479e3e/javax.transaction-api-1.2.jar:/Users/kevinarora/.gradle/caches/modules-2/files-2.1/org.springframework.data/spring-data-jpa/2.0.5.RELEASE/51b2e315174e32b4c8a4841a147002555add076c/spring-data-jpa-2.0.5.RELEASE.jar:/Users/kevinarora/.gradle/caches/modules-2/files-2.1/org.springframework/spring-aspects/5.0.4.RELEASE/454ee13fc4f439065572dd526e81c699d1d61e3e/spring-aspects-5.0.4.RELEASE.jar:/Users/kevinarora/.gradle/caches/modules-2/files-2.1/org.springframework.boot/spring-boot-starter-tomcat/2.0.0.RELEASE/908bc9de1a7cfa857edf44182d426f6e0d8a3008/spring-boot-starter-tomcat-2.0.0.RELEASE.jar:/Users/kevinarora/.gradle/caches/modules-2/files-2.1/org.hibernate.validator/hibernate-validator/6.0.7.Final/8b9d9c7ec8c73963ea0fe81912fc67711a4ef76/hibernate-validator-6.0.7.Final.jar:/Users/kevinarora/.gradle/caches/modules-2/files-2.1/org.springframework/spring-webmvc/5.0.4.RELEASE/addcf1caa22613c474bd6dde8c7134fef940b1f0/spring-webmvc-5.0.4.RELEASE.jar:/Users/kevinarora/.gradle/caches/modules-2/files-2.1/org.springframework/spring-web/5.0.4.RELEASE/9565bbc67bf1a850a6505deaa5103931712a7b80/spring-web-5.0.4.RELEASE.jar:/Users/kevinarora/.gradle/caches/modules-2/files-2.1/org.springframework.boot/spring-boot-test-autoconfigure/2.0.0.RELEASE/db0595321e96929d9473cf061f3408972d03c6aa/spring-boot-test-autoconfigure-2.0.0.RELEASE.jar:/Users/kevinarora/.gradle/caches/modules-2/files-2.1/org.springframework.boot/spring-boot-autoconfigure/2.0.0.RELEASE/c89896a469ecf92996ecba40755919896ace5470/spring-boot-autoconfigure-2.0.0.RELEASE.jar:/Users/kevinarora/.gradle/caches/modules-2/files-2.1/org.springframework.boot/spring-boot-test/2.0.0.RELEASE/1565e78c2801bd3c7ece0a8ddc08e5ed53676878/spring-boot-test-2.0.0.RELEASE.jar:/Users/kevinarora/.gradle/caches/modules-2/files-2.1/org.springframework.boot/spring-boot/2.0.0.RELEASE/771da2071ff14a47f108642a641c204ae4ef7b15/spring-boot-2.0.0.RELEASE.jar:/Users/kevinarora/.gradle/caches/modules-2/files-2.1/com.jayway.jsonpath/json-path/2.4.0/765a4401ceb2dc8d40553c2075eb80a8fa35c2ae/json-path-2.4.0.jar:/Users/kevinarora/.gradle/caches/modules-2/files-2.1/junit/junit/4.12/2973d150c0dc1fefe998f834810d68f278ea58ec/junit-4.12.jar:/Users/kevinarora/.gradle/caches/modules-2/files-2.1/org.assertj/assertj-core/3.9.1/c5ce126b15f28d56cd8f960c1a6a058b9c9aea87/assertj-core-3.9.1.jar:/Users/kevinarora/.gradle/caches/modules-2/files-2.1/org.mockito/mockito-core/2.15.0/b84bfbbc29cd22c9529409627af6ea2897f4fa85/mockito-core-2.15.0.jar:/Users/kevinarora/.gradle/caches/modules-2/files-2.1/org.hamcrest/hamcrest-library/1.3/4785a3c21320980282f9f33d0d1264a69040538f/hamcrest-library-1.3.jar:/Users/kevinarora/.gradle/caches/modules-2/files-2.1/org.hamcrest/hamcrest-core/1.3/42a25dc3219429f0e5d060061f71acb49bf010a0/hamcrest-core-1.3.jar:/Users/kevinarora/.gradle/caches/modules-2/files-2.1/org.skyscreamer/jsonassert/1.5.0/6c9d5fe2f59da598d9aefc1cfc6528ff3cf32df3/jsonassert-1.5.0.jar:/Users/kevinarora/.gradle/caches/modules-2/files-2.1/org.springframework/spring-test/5.0.4.RELEASE/3fc10b6535a113593fa8780951465012a7677e21/spring-test-5.0.4.RELEASE.jar:/Users/kevinarora/.gradle/caches/modules-2/files-2.1/org.springframework/spring-orm/5.0.4.RELEASE/dc83e08ecdb4ab28339f87358b53d75b4a8d1b9/spring-orm-5.0.4.RELEASE.jar:/Users/kevinarora/.gradle/caches/modules-2/files-2.1/org.springframework/spring-jdbc/5.0.4.RELEASE/6b5ac0db11d81d6319ebd0bb253b2f01713df3ab/spring-jdbc-5.0.4.RELEASE.jar:/Users/kevinarora/.gradle/caches/modules-2/files-2.1/org.springframework.data/spring-data-commons/2.0.5.RELEASE/f5357c650f63f3a187d3d4086a9e9132f33851a6/spring-data-commons-2.0.5.RELEASE.jar:/Users/kevinarora/.gradle/caches/modules-2/files-2.1/org.springframework/spring-context/5.0.4.RELEASE/3e76d08c851113077642c5704f0f94d5ce58e905/spring-context-5.0.4.RELEASE.jar:/Users/kevinarora/.gradle/caches/modules-2/files-2.1/org.springframework/spring-tx/5.0.4.RELEASE/7afc193c5d2b812ee6d2ccaf6fcc81fb83bfb4a7/spring-tx-5.0.4.RELEASE.jar:/Users/kevinarora/.gradle/caches/modules-2/files-2.1/org.springframework/spring-aop/5.0.4.RELEASE/f8e029e54c0267dadb6b9f713f3feb54ec4f3a0e/spring-aop-5.0.4.RELEASE.jar:/Users/kevinarora/.gradle/caches/modules-2/files-2.1/org.springframework/spring-beans/5.0.4.RELEASE/7a8c3d48d4c33621e64d1399721d8e067450fcbd/spring-beans-5.0.4.RELEASE.jar:/Users/kevinarora/.gradle/caches/modules-2/files-2.1/org.springframework/spring-expression/5.0.4.RELEASE/4bda161f2e34c1486f2527a23eb47293567f473c/spring-expression-5.0.4.RELEASE.jar:/Users/kevinarora/.gradle/caches/modules-2/files-2.1/org.springframework/spring-core/5.0.4.RELEASE/2221a957b5561a34f044350ba4e30ef5870254a3/spring-core-5.0.4.RELEASE.jar:/Users/kevinarora/.gradle/caches/modules-2/files-2.1/org.xmlunit/xmlunit-core/2.5.1/4ffdb346572a7356f7521cd3119ce5287d2e339d/xmlunit-core-2.5.1.jar:/Users/kevinarora/.gradle/caches/modules-2/files-2.1/io.rest-assured/xml-path/3.0.7/175683707be16e97bf2955bc6a5ca9c4407f084b/xml-path-3.0.7.jar:/Users/kevinarora/.gradle/caches/modules-2/files-2.1/org.codehaus.groovy/groovy-xml/2.4.13/a768f5f738bed0ab0b2dd54401830739203839c6/groovy-xml-2.4.13.jar:/Users/kevinarora/.gradle/caches/modules-2/files-2.1/io.rest-assured/json-path/3.0.7/b88986affb0a464b65facb734065e36a500d0cd/json-path-3.0.7.jar:/Users/kevinarora/.gradle/caches/modules-2/files-2.1/org.codehaus.groovy/groovy-json/2.4.13/57aa290a9ec85e04d8e4557a5eae5e751b3aac41/groovy-json-2.4.13.jar:/Users/kevinarora/.gradle/caches/modules-2/files-2.1/io.rest-assured/rest-assured-common/3.0.7/db26519055c660180c654dc6b239445865a27281/rest-assured-common-3.0.7.jar:/Users/kevinarora/.gradle/caches/modules-2/files-2.1/org.codehaus.groovy/groovy/2.4.13/de7b73bed517fa1323aab391b719b59c3702391a/groovy-2.4.13.jar:/Users/kevinarora/.gradle/caches/modules-2/files-2.1/org.apache.httpcomponents/httpmime/4.5.5/8281b24b8a493374cd2aa8a90c4156588f7dbcb6/httpmime-4.5.5.jar:/Users/kevinarora/.gradle/caches/modules-2/files-2.1/org.apache.httpcomponents/httpclient/4.5.5/1603dfd56ebcd583ccdf337b6c3984ac55d89e58/httpclient-4.5.5.jar:/Users/kevinarora/.gradle/caches/modules-2/files-2.1/org.ccil.cowan.tagsoup/tagsoup/1.2.1/5584627487e984c03456266d3f8802eb85a9ce97/tagsoup-1.2.1.jar:/Users/kevinarora/.gradle/caches/modules-2/files-2.1/org.springframework.boot/spring-boot-starter-logging/2.0.0.RELEASE/fe939b71659ef1f98a53cce0b5bcf771685cf6a6/spring-boot-starter-logging-2.0.0.RELEASE.jar:/Users/kevinarora/.gradle/caches/modules-2/files-2.1/javax.annotation/javax.annotation-api/1.3.2/934c04d3cfef185a8008e7bf34331b79730a9d43/javax.annotation-api-1.3.2.jar:/Users/kevinarora/.gradle/caches/modules-2/files-2.1/org.yaml/snakeyaml/1.19/2d998d3d674b172a588e54ab619854d073f555b5/snakeyaml-1.19.jar:/Users/kevinarora/.gradle/caches/modules-2/files-2.1/org.aspectj/aspectjweaver/1.8.13/ad94df2a28d658a40dc27bbaff6a1ce5fbf04e9b/aspectjweaver-1.8.13.jar:/Users/kevinarora/.gradle/caches/modules-2/files-2.1/com.zaxxer/HikariCP/2.7.8/4a3a604fa2efa89621aa498d04e000b2bed90c39/HikariCP-2.7.8.jar:/Users/kevinarora/.gradle/caches/modules-2/files-2.1/org.hibernate.common/hibernate-commons-annotations/5.0.1.Final/71e1cff3fcb20d3b3af4f3363c3ddb24d33c6879/hibernate-commons-annotations-5.0.1.Final.jar:/Users/kevinarora/.gradle/caches/modules-2/files-2.1/org.jboss.logging/jboss-logging/3.3.2.Final/3789d00e859632e6c6206adc0c71625559e6e3b0/jboss-logging-3.3.2.Final.jar:/Users/kevinarora/.gradle/caches/modules-2/files-2.1/org.hibernate.javax.persistence/hibernate-jpa-2.1-api/1.0.0.Final/5e731d961297e5a07290bfaf3db1fbc8bbbf405a/hibernate-jpa-2.1-api-1.0.0.Final.jar:/Users/kevinarora/.gradle/caches/modules-2/files-2.1/org.javassist/javassist/3.22.0-GA/3e83394258ae2089be7219b971ec21a8288528ad/javassist-3.22.0-GA.jar:/Users/kevinarora/.gradle/caches/modules-2/files-2.1/antlr/antlr/2.7.7/83cd2cd674a217ade95a4bb83a8a14f351f48bd0/antlr-2.7.7.jar:/Users/kevinarora/.gradle/caches/modules-2/files-2.1/org.jboss/jandex/2.0.3.Final/bfc4d6257dbff7a33a357f0de116be6ff951d849/jandex-2.0.3.Final.jar:/Users/kevinarora/.gradle/caches/modules-2/files-2.1/com.fasterxml/classmate/1.3.4/3d5f48f10bbe4eb7bd862f10c0583be2e0053c6/classmate-1.3.4.jar:/Users/kevinarora/.gradle/caches/modules-2/files-2.1/dom4j/dom4j/1.6.1/5d3ccc056b6f056dbf0dddfdf43894b9065a8f94/dom4j-1.6.1.jar:/Users/kevinarora/.gradle/caches/modules-2/files-2.1/ch.qos.logback/logback-classic/1.2.3/7c4f3c474fb2c041d8028740440937705ebb473a/logback-classic-1.2.3.jar:/Users/kevinarora/.gradle/caches/modules-2/files-2.1/org.apache.logging.log4j/log4j-to-slf4j/2.10.0/f7e631ccf49cfc0aefa4a2a728da7d374c05bd3c/log4j-to-slf4j-2.10.0.jar:/Users/kevinarora/.gradle/caches/modules-2/files-2.1/org.slf4j/jul-to-slf4j/1.7.25/af5364cd6679bfffb114f0dec8a157aaa283b76/jul-to-slf4j-1.7.25.jar:/Users/kevinarora/.gradle/caches/modules-2/files-2.1/org.slf4j/slf4j-api/1.7.25/da76ca59f6a57ee3102f8f9bd9cee742973efa8a/slf4j-api-1.7.25.jar:/Users/kevinarora/.gradle/caches/modules-2/files-2.1/com.fasterxml.jackson.datatype/jackson-datatype-jdk8/2.9.4/63ac052d52a70a15820d3dc07ea757826fd51d40/jackson-datatype-jdk8-2.9.4.jar:/Users/kevinarora/.gradle/caches/modules-2/files-2.1/com.fasterxml.jackson.datatype/jackson-datatype-jsr310/2.9.4/12d52679a6615c7972ea25bd8ebb60b191fe79b7/jackson-datatype-jsr310-2.9.4.jar:/Users/kevinarora/.gradle/caches/modules-2/files-2.1/com.fasterxml.jackson.module/jackson-module-parameter-names/2.9.4/5833c819877c3e85bad847f4d2fa4e70379217c6/jackson-module-parameter-names-2.9.4.jar:/Users/kevinarora/.gradle/caches/modules-2/files-2.1/com.fasterxml.jackson.core/jackson-databind/2.9.4/498bbc3b94f566982c7f7c6d4d303fce365529be/jackson-databind-2.9.4.jar:/Users/kevinarora/.gradle/caches/modules-2/files-2.1/org.apache.tomcat.embed/tomcat-embed-websocket/8.5.28/8a5a48740dd80cad644ceb541e77fd8e0809e3b7/tomcat-embed-websocket-8.5.28.jar:/Users/kevinarora/.gradle/caches/modules-2/files-2.1/org.apache.tomcat.embed/tomcat-embed-core/8.5.28/b684c98cf77c6528079c4e59fc1feeb218bf82f1/tomcat-embed-core-8.5.28.jar:/Users/kevinarora/.gradle/caches/modules-2/files-2.1/org.apache.tomcat.embed/tomcat-embed-el/8.5.28/75745598f60646ccf0c4b105468a9c8be9b8432e/tomcat-embed-el-8.5.28.jar:/Users/kevinarora/.gradle/caches/modules-2/files-2.1/javax.validation/validation-api/2.0.1.Final/cb855558e6271b1b32e716d24cb85c7f583ce09e/validation-api-2.0.1.Final.jar:/Users/kevinarora/.gradle/caches/modules-2/files-2.1/net.minidev/json-smart/2.3/7396407491352ce4fa30de92efb158adb76b5b/json-smart-2.3.jar:/Users/kevinarora/.gradle/caches/modules-2/files-2.1/net.bytebuddy/byte-buddy/1.7.10/3c8ec287c0a5bd04b1e3f11723bc46a50346602b/byte-buddy-1.7.10.jar:/Users/kevinarora/.gradle/caches/modules-2/files-2.1/net.bytebuddy/byte-buddy-agent/1.7.10/9b092a8fb9112b89f6cb23fc929cfb931b14007b/byte-buddy-agent-1.7.10.jar:/Users/kevinarora/.gradle/caches/modules-2/files-2.1/org.objenesis/objenesis/2.6/639033469776fd37c08358c6b92a4761feb2af4b/objenesis-2.6.jar:/Users/kevinarora/.gradle/caches/modules-2/files-2.1/com.vaadin.external.google/android-json/0.0.20131108.vaadin1/fa26d351fe62a6a17f5cda1287c1c6110dec413f/android-json-0.0.20131108.vaadin1.jar:/Users/kevinarora/.gradle/caches/modules-2/files-2.1/org.springframework/spring-jcl/5.0.4.RELEASE/3053e2bad0a18571bdbb9596ce51f9d458f5934f/spring-jcl-5.0.4.RELEASE.jar:/Users/kevinarora/.gradle/caches/modules-2/files-2.1/org.apache.httpcomponents/httpcore/4.4.9/a86ce739e5a7175b4b234c290a00a5fdb80957a0/httpcore-4.4.9.jar:/Users/kevinarora/.gradle/caches/modules-2/files-2.1/commons-codec/commons-codec/1.11/3acb4705652e16236558f0f4f2192cc33c3bd189/commons-codec-1.11.jar:/Users/kevinarora/.gradle/caches/modules-2/files-2.1/org.apache.commons/commons-lang3/3.7/557edd918fd41f9260963583ebf5a61a43a6b423/commons-lang3-3.7.jar:/Users/kevinarora/.gradle/caches/modules-2/files-2.1/javax.xml.bind/jaxb-api/2.3.0/99f802e0cb3e953ba3d6e698795c4aeb98d37c48/jaxb-api-2.3.0.jar:/Users/kevinarora/.gradle/caches/modules-2/files-2.1/com.fasterxml.jackson.core/jackson-annotations/2.9.0/7c10d545325e3a6e72e06381afe469fd40eb701/jackson-annotations-2.9.0.jar:/Users/kevinarora/.gradle/caches/modules-2/files-2.1/com.fasterxml.jackson.core/jackson-core/2.9.4/a9a71ec1aa37da47db168fede9a4a5fb5e374320/jackson-core-2.9.4.jar:/Users/kevinarora/.gradle/caches/modules-2/files-2.1/net.minidev/accessors-smart/1.2/c592b500269bfde36096641b01238a8350f8aa31/accessors-smart-1.2.jar:/Users/kevinarora/.gradle/caches/modules-2/files-2.1/ch.qos.logback/logback-core/1.2.3/864344400c3d4d92dfeb0a305dc87d953677c03c/logback-core-1.2.3.jar:/Users/kevinarora/.gradle/caches/modules-2/files-2.1/org.apache.logging.log4j/log4j-api/2.10.0/fec5797a55b786184a537abd39c3fa1449d752d6/log4j-api-2.10.0.jar:/Users/kevinarora/.gradle/caches/modules-2/files-2.1/org.ow2.asm/asm/5.0.4/da08b8cce7bbf903602a25a3a163ae252435795/asm-5.0.4.jar, users-api_1.host=localhost, org.gradle.native=false, postgresdev_1.host=localhost, api-gateway.containerHostname=29b808c4a7ee, java.vm.specification.name=Java Virtual Machine Specification, java.vm.specification.version=1.8, postgresdev.tcp.5432=5432, sun.cpu.endian=little, sun.os.patch.level=unknown, postgresdev.containerHostname=72ac39e98efb, java.io.tmpdir=/var/folders/my/vlwzvzhs6fd157vqsf9q7klh0000gn/T/, java.vendor.url.bug=http://bugreport.sun.com/bugreport/, os.arch=x86_64, java.awt.graphicsenv=sun.awt.CGraphicsEnvironment, java.ext.dirs=/Users/kevinarora/Library/Java/Extensions:/Library/Java/JavaVirtualMachines/jdk1.8.0_161.jdk/Contents/Home/jre/lib/ext:/Library/Java/Extensions:/Network/Library/Java/Extensions:/System/Library/Java/Extensions:/usr/lib/java, users-api_1.tcp.8081=8081, user.dir=/Users/kevinarora/project4, eureka_1.containerHostname=d7cb6ac3698f, line.separator=
, java.vm.name=Java HotSpot(TM) 64-Bit Server VM, users-api.host=localhost, file.encoding=UTF-8, postgresdev_1.tcp.5432=5432, users-api.tcp.8081=8081, java.specification.version=1.8, api-gateway_1.tcp.8080=8080, postgresdev.host=localhost, api-gateway.tcp.8080=8080}}, SystemEnvironmentPropertySource@84464493 {name='systemEnvironment', properties={EUREKA_1_HOST=localhost, PATH=/Users/kevinarora/.sdkman/candidates/springboot/current/bin:/Users/kevinarora/anaconda/bin:/Users/kevinarora/.nvm/versions/node/v6.6.0/bin:/Users/kevinarora/.rbenv/shims:/usr/local/heroku/bin:/usr/local/bin:/usr/local/sbin:/usr/local/share/npm/bin:/Users/kevinarora/.rbenv/bin:/usr/local/bin:/usr/bin:/bin:/usr/sbin:/sbin:/opt/X11/bin, SDKMAN_VERSION=5.6.2+294, HISTCONTROL=ignoreboth, POSTGRESDEV_HOST=localhost, APP_NAME_17560=Gradle, POSTGRESDEV_1_CONTAINER_HOSTNAME=72ac39e98efb, APP_ICON_17560=/Users/kevinarora/project4/media/gradle.icns, RBENV_SHELL=bash, API-GATEWAY_1_TCP_8080=8080, EUREKA_CONTAINER_HOSTNAME=d7cb6ac3698f, NODE_REPL_HISTORY_FILE=/Users/kevinarora/.node_repl_history, EUREKA_TCP_8761=8761, SDKMAN_DIR=/Users/kevinarora/.sdkman, LOGNAME=kevinarora, PWD=/Users/kevinarora/project4, TERM_PROGRAM_VERSION=361.1, SPRINGBOOT_HOME=/Users/kevinarora/.sdkman/candidates/springboot/current, EUREKA_1_TCP_8761=8761, API-GATEWAY_1_CONTAINER_HOSTNAME=29b808c4a7ee, USERS-API_1_CONTAINER_HOSTNAME=4d52e82787e5, NVM_CD_FLAGS=, JAVA_MAIN_CLASS_17732=worker.org.gradle.process.internal.worker.GradleWorkerMain, HISTIGNORE=h, SHELL=/bin/bash, USERS-API_1_HOST=localhost, NVM_PATH=/Users/kevinarora/.nvm/versions/node/v6.6.0/lib/node, OLDPWD=/Users/kevinarora/project4, SECURITYSESSIONID=186a7, API-GATEWAY_1_HOST=localhost, EUREKA_1_CONTAINER_HOSTNAME=d7cb6ac3698f, USERS-API_1_TCP_8081=8081, API-GATEWAY_HOST=localhost, TMPDIR=/var/folders/my/vlwzvzhs6fd157vqsf9q7klh0000gn/T/, XPC_FLAGS=0x0, USERS-API_HOST=localhost, TERM_SESSION_ID=F3356C1C-00A5-450F-9CA4-8E01C5ED392B, LC_ALL=en_US.UTF-8, NVM_IOJS_ORG_MIRROR=https://iojs.org/dist, __CF_USER_TEXT_ENCODING=0x1F5:0x0:0x0, Apple_PubSub_Socket_Render=/private/tmp/com.apple.launchd.59BptN9PbJ/Render, API-GATEWAY_TCP_8080=8080, SDKMAN_CURRENT_API=https://api.sdkman.io/2, SHLVL=1, JAVA_ARCH=x86_64, MANPATH=/Users/kevinarora/.nvm/versions/node/v6.6.0/share/man:/usr/local/share/man:/usr/share/man:/opt/X11/share/man:/Library/Developer/CommandLineTools/usr/share/man, HISTSIZE=32768, TERM=xterm-256color, LANG=en_US, HISTFILESIZE=32768, DISPLAY=/private/tmp/com.apple.launchd.UWfdH6l9SL/org.macosforge.xquartz:0, POSTGRESDEV_CONTAINER_HOSTNAME=72ac39e98efb, NVM_NODEJS_ORG_MIRROR=https://nodejs.org/dist, XPC_SERVICE_NAME=0, SDKMAN_CANDIDATES_DIR=/Users/kevinarora/.sdkman/candidates, SDKMAN_LEGACY_API=https://api.sdkman.io/1, NVM_DIR=/Users/kevinarora/.nvm, TERM_PROGRAM=Apple_Terminal, POSTGRESDEV_1_HOST=localhost, POSTGRESDEV_1_TCP_5432=5432, USERS-API_TCP_8081=8081, SDKMAN_PLATFORM=Darwin, USER=kevinarora, POSTGRESDEV_TCP_5432=5432, EUREKA_HOST=localhost, SSH_AUTH_SOCK=/private/tmp/com.apple.launchd.CCpWIzVVk0/Listeners, API-GATEWAY_CONTAINER_HOSTNAME=29b808c4a7ee, com.apple.java.jvmTask=CommandLine, JAVA_MAIN_CLASS_17560=org.gradle.wrapper.GradleWrapperMain, NVM_BIN=/Users/kevinarora/.nvm/versions/node/v6.6.0/bin, USERS-API_CONTAINER_HOSTNAME=4d52e82787e5, HOMEBREW_EDITOR=nano, HOME=/Users/kevinarora}}]
21:10:32.344 [Test worker] DEBUG org.springframework.core.io.support.PathMatchingResourcePatternResolver - Resolved classpath location [com/example/microservicesandtesting/features/] to resources [URL [file:/Users/kevinarora/project4/build/classes/java/test/com/example/microservicesandtesting/features/]]
21:10:32.345 [Test worker] DEBUG org.springframework.core.io.support.PathMatchingResourcePatternResolver - Looking for matching resources in directory tree [/Users/kevinarora/project4/build/classes/java/test/com/example/microservicesandtesting/features]
21:10:32.345 [Test worker] DEBUG org.springframework.core.io.support.PathMatchingResourcePatternResolver - Searching directory [/Users/kevinarora/project4/build/classes/java/test/com/example/microservicesandtesting/features] for files matching pattern [/Users/kevinarora/project4/build/classes/java/test/com/example/microservicesandtesting/features/*.class]
21:10:32.347 [Test worker] DEBUG org.springframework.core.io.support.PathMatchingResourcePatternResolver - Resolved location pattern [classpath*:com/example/microservicesandtesting/features/*.class] to resources [file [/Users/kevinarora/project4/build/classes/java/test/com/example/microservicesandtesting/features/UsersApiFeatureTest.class]]
21:10:32.366 [Test worker] DEBUG org.springframework.core.io.support.PathMatchingResourcePatternResolver - Resolved classpath location [com/example/microservicesandtesting/] to resources [URL [file:/Users/kevinarora/project4/build/classes/java/test/com/example/microservicesandtesting/], URL [file:/Users/kevinarora/project4/build/classes/java/main/com/example/microservicesandtesting/]]
21:10:32.366 [Test worker] DEBUG org.springframework.core.io.support.PathMatchingResourcePatternResolver - Looking for matching resources in directory tree [/Users/kevinarora/project4/build/classes/java/test/com/example/microservicesandtesting]
21:10:32.366 [Test worker] DEBUG org.springframework.core.io.support.PathMatchingResourcePatternResolver - Searching directory [/Users/kevinarora/project4/build/classes/java/test/com/example/microservicesandtesting] for files matching pattern [/Users/kevinarora/project4/build/classes/java/test/com/example/microservicesandtesting/*.class]
21:10:32.367 [Test worker] DEBUG org.springframework.core.io.support.PathMatchingResourcePatternResolver - Looking for matching resources in directory tree [/Users/kevinarora/project4/build/classes/java/main/com/example/microservicesandtesting]
21:10:32.367 [Test worker] DEBUG org.springframework.core.io.support.PathMatchingResourcePatternResolver - Searching directory [/Users/kevinarora/project4/build/classes/java/main/com/example/microservicesandtesting] for files matching pattern [/Users/kevinarora/project4/build/classes/java/main/com/example/microservicesandtesting/*.class]
21:10:32.368 [Test worker] DEBUG org.springframework.core.io.support.PathMatchingResourcePatternResolver - Resolved location pattern [classpath*:com/example/microservicesandtesting/*.class] to resources [file [/Users/kevinarora/project4/build/classes/java/main/com/example/microservicesandtesting/DemoApplication.class]]
21:10:32.388 [Test worker] DEBUG org.springframework.context.annotation.ClassPathScanningCandidateComponentProvider - Identified candidate component class: file [/Users/kevinarora/project4/build/classes/java/main/com/example/microservicesandtesting/DemoApplication.class]
21:10:32.389 [Test worker] INFO org.springframework.boot.test.context.SpringBootTestContextBootstrapper - Found @SpringBootConfiguration com.example.microservicesandtesting.DemoApplication for test class com.example.microservicesandtesting.features.UsersApiFeatureTest
21:10:32.502 [Test worker] DEBUG org.springframework.boot.test.context.SpringBootTestContextBootstrapper - @TestExecutionListeners is not present for class [com.example.microservicesandtesting.features.UsersApiFeatureTest]: using defaults.
21:10:32.503 [Test worker] INFO org.springframework.boot.test.context.SpringBootTestContextBootstrapper - Loaded default TestExecutionListener class names from location [META-INF/spring.factories]: [org.springframework.boot.test.autoconfigure.restdocs.RestDocsTestExecutionListener, org.springframework.boot.test.autoconfigure.web.client.MockRestServiceServerResetTestExecutionListener, org.springframework.boot.test.autoconfigure.web.servlet.MockMvcPrintOnlyOnFailureTestExecutionListener, org.springframework.boot.test.autoconfigure.web.servlet.WebDriverTestExecutionListener, org.springframework.boot.test.mock.mockito.MockitoTestExecutionListener, org.springframework.boot.test.mock.mockito.ResetMocksTestExecutionListener, org.springframework.test.context.web.ServletTestExecutionListener, org.springframework.test.context.support.DirtiesContextBeforeModesTestExecutionListener, org.springframework.test.context.support.DependencyInjectionTestExecutionListener, org.springframework.test.context.support.DirtiesContextTestExecutionListener, org.springframework.test.context.transaction.TransactionalTestExecutionListener, org.springframework.test.context.jdbc.SqlScriptsTestExecutionListener]
21:10:32.517 [Test worker] INFO org.springframework.boot.test.context.SpringBootTestContextBootstrapper - Using TestExecutionListeners: [org.springframework.test.context.web.ServletTestExecutionListener@74ace1e5, org.springframework.test.context.support.DirtiesContextBeforeModesTestExecutionListener@53052756, org.springframework.boot.test.mock.mockito.MockitoTestExecutionListener@2a80a8c4, org.springframework.boot.test.autoconfigure.SpringBootDependencyInjectionTestExecutionListener@47a5c1e9, org.springframework.test.context.support.DirtiesContextTestExecutionListener@5415a331, org.springframework.test.context.transaction.TransactionalTestExecutionListener@2e500172, org.springframework.test.context.jdbc.SqlScriptsTestExecutionListener@1394af4, org.springframework.boot.test.autoconfigure.restdocs.RestDocsTestExecutionListener@68fa79b3, org.springframework.boot.test.autoconfigure.web.client.MockRestServiceServerResetTestExecutionListener@110f43b6, org.springframework.boot.test.autoconfigure.web.servlet.MockMvcPrintOnlyOnFailureTestExecutionListener@3ffa8b74, org.springframework.boot.test.autoconfigure.web.servlet.WebDriverTestExecutionListener@74df1895, org.springframework.boot.test.mock.mockito.ResetMocksTestExecutionListener@4fd3d05c]
21:10:32.518 [Test worker] DEBUG org.springframework.test.annotation.ProfileValueUtils - Retrieved @ProfileValueSourceConfiguration [null] for test class [com.example.microservicesandtesting.features.UsersApiFeatureTest]
21:10:32.519 [Test worker] DEBUG org.springframework.test.annotation.ProfileValueUtils - Retrieved ProfileValueSource type [class org.springframework.test.annotation.SystemProfileValueSource] for class [com.example.microservicesandtesting.features.UsersApiFeatureTest]
21:10:32.519 [Test worker] DEBUG org.springframework.test.annotation.ProfileValueUtils - Retrieved @ProfileValueSourceConfiguration [null] for test class [com.example.microservicesandtesting.features.UsersApiFeatureTest]
21:10:32.519 [Test worker] DEBUG org.springframework.test.annotation.ProfileValueUtils - Retrieved ProfileValueSource type [class org.springframework.test.annotation.SystemProfileValueSource] for class [com.example.microservicesandtesting.features.UsersApiFeatureTest]
21:10:32.522 [Test worker] DEBUG org.springframework.test.context.support.AbstractDirtiesContextTestExecutionListener - Before test class: context [DefaultTestContext@18c406c8 testClass = UsersApiFeatureTest, testInstance = [null], testMethod = [null], testException = [null], mergedContextConfiguration = [WebMergedContextConfiguration@677a4ec8 testClass = UsersApiFeatureTest, locations = '{}', classes = '{class com.example.microservicesandtesting.DemoApplication}', contextInitializerClasses = '[]', activeProfiles = '{}', propertySourceLocations = '{}', propertySourceProperties = '{org.springframework.boot.test.context.SpringBootTestContextBootstrapper=true}', contextCustomizers = set[org.springframework.boot.test.autoconfigure.properties.PropertyMappingContextCustomizer@0, org.springframework.boot.test.autoconfigure.web.servlet.WebDriverContextCustomizerFactory$Customizer@595fe16f, org.springframework.boot.test.context.filter.ExcludeFilterContextCustomizer@5c3f918f, org.springframework.boot.test.json.DuplicateJsonObjectContextCustomizerFactory$DuplicateJsonObjectContextCustomizer@981b02e, org.springframework.boot.test.mock.mockito.MockitoContextCustomizer@0, org.springframework.boot.test.web.client.TestRestTemplateContextCustomizer@69accdd6], resourceBasePath = 'src/main/webapp', contextLoader = 'org.springframework.boot.test.context.SpringBootContextLoader', parent = [null]], attributes = map['org.springframework.test.context.web.ServletTestExecutionListener.activateListener' -> false]], class annotated with @DirtiesContext [false] with mode [null].
21:10:32.523 [Test worker] DEBUG org.springframework.test.annotation.ProfileValueUtils - Retrieved @ProfileValueSourceConfiguration [null] for test class [com.example.microservicesandtesting.features.UsersApiFeatureTest]
21:10:32.523 [Test worker] DEBUG org.springframework.test.annotation.ProfileValueUtils - Retrieved ProfileValueSource type [class org.springframework.test.annotation.SystemProfileValueSource] for class [com.example.microservicesandtesting.features.UsersApiFeatureTest]
21:10:32.525 [Test worker] DEBUG org.springframework.test.context.support.DependencyInjectionTestExecutionListener - Performing dependency injection for test context [[DefaultTestContext@18c406c8 testClass = UsersApiFeatureTest, testInstance = com.example.microservicesandtesting.features.UsersApiFeatureTest@1fdb3762, testMethod = [null], testException = [null], mergedContextConfiguration = [WebMergedContextConfiguration@677a4ec8 testClass = UsersApiFeatureTest, locations = '{}', classes = '{class com.example.microservicesandtesting.DemoApplication}', contextInitializerClasses = '[]', activeProfiles = '{}', propertySourceLocations = '{}', propertySourceProperties = '{org.springframework.boot.test.context.SpringBootTestContextBootstrapper=true}', contextCustomizers = set[org.springframework.boot.test.autoconfigure.properties.PropertyMappingContextCustomizer@0, org.springframework.boot.test.autoconfigure.web.servlet.WebDriverContextCustomizerFactory$Customizer@595fe16f, org.springframework.boot.test.context.filter.ExcludeFilterContextCustomizer@5c3f918f, org.springframework.boot.test.json.DuplicateJsonObjectContextCustomizerFactory$DuplicateJsonObjectContextCustomizer@981b02e, org.springframework.boot.test.mock.mockito.MockitoContextCustomizer@0, org.springframework.boot.test.web.client.TestRestTemplateContextCustomizer@69accdd6], resourceBasePath = 'src/main/webapp', contextLoader = 'org.springframework.boot.test.context.SpringBootContextLoader', parent = [null]], attributes = map['org.springframework.test.context.web.ServletTestExecutionListener.activateListener' -> false]]].
21:10:32.538 [Test worker] DEBUG org.springframework.core.env.StandardEnvironment - Adding PropertySource 'systemProperties' with lowest search precedence
21:10:32.539 [Test worker] DEBUG org.springframework.core.env.StandardEnvironment - Adding PropertySource 'systemEnvironment' with lowest search precedence
21:10:32.539 [Test worker] DEBUG org.springframework.core.env.StandardEnvironment - Initialized StandardEnvironment with PropertySources [MapPropertySource@371833803 {name='systemProperties', properties={java.vendor=Oracle Corporation, sun.java.launcher=SUN_STANDARD, sun.management.compiler=HotSpot 64-Bit Tiered Compilers, os.name=Mac OS X, sun.boot.class.path=/Library/Java/JavaVirtualMachines/jdk1.8.0_161.jdk/Contents/Home/jre/lib/resources.jar:/Library/Java/JavaVirtualMachines/jdk1.8.0_161.jdk/Contents/Home/jre/lib/rt.jar:/Library/Java/JavaVirtualMachines/jdk1.8.0_161.jdk/Contents/Home/jre/lib/sunrsasign.jar:/Library/Java/JavaVirtualMachines/jdk1.8.0_161.jdk/Contents/Home/jre/lib/jsse.jar:/Library/Java/JavaVirtualMachines/jdk1.8.0_161.jdk/Contents/Home/jre/lib/jce.jar:/Library/Java/JavaVirtualMachines/jdk1.8.0_161.jdk/Contents/Home/jre/lib/charsets.jar:/Library/Java/JavaVirtualMachines/jdk1.8.0_161.jdk/Contents/Home/jre/lib/jfr.jar:/Library/Java/JavaVirtualMachines/jdk1.8.0_161.jdk/Contents/Home/jre/classes, postgresdev_1.containerHostname=72ac39e98efb, api-gateway.host=localhost, java.vm.specification.vendor=Oracle Corporation, java.runtime.version=1.8.0_161-b12, user.name=kevinarora, api-gateway_1.containerHostname=29b808c4a7ee, user.language=en, sun.boot.library.path=/Library/Java/JavaVirtualMachines/jdk1.8.0_161.jdk/Contents/Home/jre/lib, eureka.tcp.8761=8761, api-gateway_1.host=localhost, java.version=1.8.0_161, user.timezone=America/New_York, sun.arch.data.model=64, http.nonProxyHosts=local|*.local|169.254/16|*.169.254/16, java.endorsed.dirs=/Library/Java/JavaVirtualMachines/jdk1.8.0_161.jdk/Contents/Home/jre/lib/endorsed, eureka.containerHostname=d7cb6ac3698f, sun.cpu.isalist=, sun.jnu.encoding=UTF-8, file.encoding.pkg=sun.io, file.separator=/, java.specification.name=Java Platform API Specification, java.class.version=52.0, user.country=US, java.home=/Library/Java/JavaVirtualMachines/jdk1.8.0_161.jdk/Contents/Home/jre, java.vm.info=mixed mode, os.version=10.11.6, path.separator=:, java.vm.version=25.161-b12, user.variant=, eureka_1.tcp.8761=8761, java.awt.printerjob=sun.lwawt.macosx.CPrinterJob, sun.io.unicode.encoding=UnicodeBig, awt.toolkit=sun.lwawt.macosx.LWCToolkit, socksNonProxyHosts=local|*.local|169.254/16|*.169.254/16, ftp.nonProxyHosts=local|*.local|169.254/16|*.169.254/16, users-api_1.containerHostname=4d52e82787e5, user.home=/Users/kevinarora, eureka_1.host=localhost, java.specification.vendor=Oracle Corporation, users-api.containerHostname=4d52e82787e5, org.gradle.test.worker=1, java.library.path=/Users/kevinarora/Library/Java/Extensions:/Library/Java/Extensions:/Network/Library/Java/Extensions:/System/Library/Java/Extensions:/usr/lib/java:., java.vendor.url=http://java.oracle.com/, java.vm.vendor=Oracle Corporation, gopherProxySet=false, eureka.host=localhost, java.runtime.name=Java(TM) SE Runtime Environment, sun.java.command=worker.org.gradle.process.internal.worker.GradleWorkerMain 'Gradle Test Executor 1', java.class.path=/Users/kevinarora/project4/build/classes/java/test:/Users/kevinarora/project4/build/resources/test:/Users/kevinarora/project4/build/classes/java/main:/Users/kevinarora/project4/build/resources/main:/Users/kevinarora/.gradle/caches/modules-2/files-2.1/org.springframework.boot/spring-boot-starter-data-jpa/2.0.0.RELEASE/cc7bc2df046149870255d22367f8f7276eb82e98/spring-boot-starter-data-jpa-2.0.0.RELEASE.jar:/Users/kevinarora/.gradle/caches/modules-2/files-2.1/org.springframework.boot/spring-boot-starter-web/2.0.0.RELEASE/fcb2a9e18f98382e626935841f85ed44d7153615/spring-boot-starter-web-2.0.0.RELEASE.jar:/Users/kevinarora/.gradle/caches/modules-2/files-2.1/org.postgresql/postgresql/42.2.1/b7f61848ac43ae9fa6e38935bfd75628b7fc9086/postgresql-42.2.1.jar:/Users/kevinarora/.gradle/caches/modules-2/files-2.1/org.springframework.boot/spring-boot-devtools/2.0.0.RELEASE/db0a05542d0d59b55cdee8767cb2ec41cf49e4a6/spring-boot-devtools-2.0.0.RELEASE.jar:/Users/kevinarora/.gradle/caches/modules-2/files-2.1/org.springframework.boot/spring-boot-starter-test/2.0.0.RELEASE/4ff0e1d9bd315a4a5867e9c6128691cac8b37348/spring-boot-starter-test-2.0.0.RELEASE.jar:/Users/kevinarora/.gradle/caches/modules-2/files-2.1/io.rest-assured/rest-assured/3.0.6/7048c659a0f1b8adca66af281edbf1397dddd63d/rest-assured-3.0.6.jar:/Users/kevinarora/.gradle/caches/modules-2/files-2.1/org.springframework.boot/spring-boot-starter-aop/2.0.0.RELEASE/9afd572ca8de272e6d919d914db5c73cd7d06ea2/spring-boot-starter-aop-2.0.0.RELEASE.jar:/Users/kevinarora/.gradle/caches/modules-2/files-2.1/org.springframework.boot/spring-boot-starter-jdbc/2.0.0.RELEASE/bfe586f729ed86a421a79ac1b18d4e05acd25d68/spring-boot-starter-jdbc-2.0.0.RELEASE.jar:/Users/kevinarora/.gradle/caches/modules-2/files-2.1/org.springframework.boot/spring-boot-starter-json/2.0.0.RELEASE/5a09c939d8bd60d7f163c1c0c20a3127ba9fffa/spring-boot-starter-json-2.0.0.RELEASE.jar:/Users/kevinarora/.gradle/caches/modules-2/files-2.1/org.springframework.boot/spring-boot-starter/2.0.0.RELEASE/6d7d8e4bf053cd1833f3c7dbce676bc274f0892f/spring-boot-starter-2.0.0.RELEASE.jar:/Users/kevinarora/.gradle/caches/modules-2/files-2.1/org.hibernate/hibernate-core/5.2.14.Final/2132ad4a9fa5088156469ec85306afe574bb8c24/hibernate-core-5.2.14.Final.jar:/Users/kevinarora/.gradle/caches/modules-2/files-2.1/javax.transaction/javax.transaction-api/1.2/d81aff979d603edd90dcd8db2abc1f4ce6479e3e/javax.transaction-api-1.2.jar:/Users/kevinarora/.gradle/caches/modules-2/files-2.1/org.springframework.data/spring-data-jpa/2.0.5.RELEASE/51b2e315174e32b4c8a4841a147002555add076c/spring-data-jpa-2.0.5.RELEASE.jar:/Users/kevinarora/.gradle/caches/modules-2/files-2.1/org.springframework/spring-aspects/5.0.4.RELEASE/454ee13fc4f439065572dd526e81c699d1d61e3e/spring-aspects-5.0.4.RELEASE.jar:/Users/kevinarora/.gradle/caches/modules-2/files-2.1/org.springframework.boot/spring-boot-starter-tomcat/2.0.0.RELEASE/908bc9de1a7cfa857edf44182d426f6e0d8a3008/spring-boot-starter-tomcat-2.0.0.RELEASE.jar:/Users/kevinarora/.gradle/caches/modules-2/files-2.1/org.hibernate.validator/hibernate-validator/6.0.7.Final/8b9d9c7ec8c73963ea0fe81912fc67711a4ef76/hibernate-validator-6.0.7.Final.jar:/Users/kevinarora/.gradle/caches/modules-2/files-2.1/org.springframework/spring-webmvc/5.0.4.RELEASE/addcf1caa22613c474bd6dde8c7134fef940b1f0/spring-webmvc-5.0.4.RELEASE.jar:/Users/kevinarora/.gradle/caches/modules-2/files-2.1/org.springframework/spring-web/5.0.4.RELEASE/9565bbc67bf1a850a6505deaa5103931712a7b80/spring-web-5.0.4.RELEASE.jar:/Users/kevinarora/.gradle/caches/modules-2/files-2.1/org.springframework.boot/spring-boot-test-autoconfigure/2.0.0.RELEASE/db0595321e96929d9473cf061f3408972d03c6aa/spring-boot-test-autoconfigure-2.0.0.RELEASE.jar:/Users/kevinarora/.gradle/caches/modules-2/files-2.1/org.springframework.boot/spring-boot-autoconfigure/2.0.0.RELEASE/c89896a469ecf92996ecba40755919896ace5470/spring-boot-autoconfigure-2.0.0.RELEASE.jar:/Users/kevinarora/.gradle/caches/modules-2/files-2.1/org.springframework.boot/spring-boot-test/2.0.0.RELEASE/1565e78c2801bd3c7ece0a8ddc08e5ed53676878/spring-boot-test-2.0.0.RELEASE.jar:/Users/kevinarora/.gradle/caches/modules-2/files-2.1/org.springframework.boot/spring-boot/2.0.0.RELEASE/771da2071ff14a47f108642a641c204ae4ef7b15/spring-boot-2.0.0.RELEASE.jar:/Users/kevinarora/.gradle/caches/modules-2/files-2.1/com.jayway.jsonpath/json-path/2.4.0/765a4401ceb2dc8d40553c2075eb80a8fa35c2ae/json-path-2.4.0.jar:/Users/kevinarora/.gradle/caches/modules-2/files-2.1/junit/junit/4.12/2973d150c0dc1fefe998f834810d68f278ea58ec/junit-4.12.jar:/Users/kevinarora/.gradle/caches/modules-2/files-2.1/org.assertj/assertj-core/3.9.1/c5ce126b15f28d56cd8f960c1a6a058b9c9aea87/assertj-core-3.9.1.jar:/Users/kevinarora/.gradle/caches/modules-2/files-2.1/org.mockito/mockito-core/2.15.0/b84bfbbc29cd22c9529409627af6ea2897f4fa85/mockito-core-2.15.0.jar:/Users/kevinarora/.gradle/caches/modules-2/files-2.1/org.hamcrest/hamcrest-library/1.3/4785a3c21320980282f9f33d0d1264a69040538f/hamcrest-library-1.3.jar:/Users/kevinarora/.gradle/caches/modules-2/files-2.1/org.hamcrest/hamcrest-core/1.3/42a25dc3219429f0e5d060061f71acb49bf010a0/hamcrest-core-1.3.jar:/Users/kevinarora/.gradle/caches/modules-2/files-2.1/org.skyscreamer/jsonassert/1.5.0/6c9d5fe2f59da598d9aefc1cfc6528ff3cf32df3/jsonassert-1.5.0.jar:/Users/kevinarora/.gradle/caches/modules-2/files-2.1/org.springframework/spring-test/5.0.4.RELEASE/3fc10b6535a113593fa8780951465012a7677e21/spring-test-5.0.4.RELEASE.jar:/Users/kevinarora/.gradle/caches/modules-2/files-2.1/org.springframework/spring-orm/5.0.4.RELEASE/dc83e08ecdb4ab28339f87358b53d75b4a8d1b9/spring-orm-5.0.4.RELEASE.jar:/Users/kevinarora/.gradle/caches/modules-2/files-2.1/org.springframework/spring-jdbc/5.0.4.RELEASE/6b5ac0db11d81d6319ebd0bb253b2f01713df3ab/spring-jdbc-5.0.4.RELEASE.jar:/Users/kevinarora/.gradle/caches/modules-2/files-2.1/org.springframework.data/spring-data-commons/2.0.5.RELEASE/f5357c650f63f3a187d3d4086a9e9132f33851a6/spring-data-commons-2.0.5.RELEASE.jar:/Users/kevinarora/.gradle/caches/modules-2/files-2.1/org.springframework/spring-context/5.0.4.RELEASE/3e76d08c851113077642c5704f0f94d5ce58e905/spring-context-5.0.4.RELEASE.jar:/Users/kevinarora/.gradle/caches/modules-2/files-2.1/org.springframework/spring-tx/5.0.4.RELEASE/7afc193c5d2b812ee6d2ccaf6fcc81fb83bfb4a7/spring-tx-5.0.4.RELEASE.jar:/Users/kevinarora/.gradle/caches/modules-2/files-2.1/org.springframework/spring-aop/5.0.4.RELEASE/f8e029e54c0267dadb6b9f713f3feb54ec4f3a0e/spring-aop-5.0.4.RELEASE.jar:/Users/kevinarora/.gradle/caches/modules-2/files-2.1/org.springframework/spring-beans/5.0.4.RELEASE/7a8c3d48d4c33621e64d1399721d8e067450fcbd/spring-beans-5.0.4.RELEASE.jar:/Users/kevinarora/.gradle/caches/modules-2/files-2.1/org.springframework/spring-expression/5.0.4.RELEASE/4bda161f2e34c1486f2527a23eb47293567f473c/spring-expression-5.0.4.RELEASE.jar:/Users/kevinarora/.gradle/caches/modules-2/files-2.1/org.springframework/spring-core/5.0.4.RELEASE/2221a957b5561a34f044350ba4e30ef5870254a3/spring-core-5.0.4.RELEASE.jar:/Users/kevinarora/.gradle/caches/modules-2/files-2.1/org.xmlunit/xmlunit-core/2.5.1/4ffdb346572a7356f7521cd3119ce5287d2e339d/xmlunit-core-2.5.1.jar:/Users/kevinarora/.gradle/caches/modules-2/files-2.1/io.rest-assured/xml-path/3.0.7/175683707be16e97bf2955bc6a5ca9c4407f084b/xml-path-3.0.7.jar:/Users/kevinarora/.gradle/caches/modules-2/files-2.1/org.codehaus.groovy/groovy-xml/2.4.13/a768f5f738bed0ab0b2dd54401830739203839c6/groovy-xml-2.4.13.jar:/Users/kevinarora/.gradle/caches/modules-2/files-2.1/io.rest-assured/json-path/3.0.7/b88986affb0a464b65facb734065e36a500d0cd/json-path-3.0.7.jar:/Users/kevinarora/.gradle/caches/modules-2/files-2.1/org.codehaus.groovy/groovy-json/2.4.13/57aa290a9ec85e04d8e4557a5eae5e751b3aac41/groovy-json-2.4.13.jar:/Users/kevinarora/.gradle/caches/modules-2/files-2.1/io.rest-assured/rest-assured-common/3.0.7/db26519055c660180c654dc6b239445865a27281/rest-assured-common-3.0.7.jar:/Users/kevinarora/.gradle/caches/modules-2/files-2.1/org.codehaus.groovy/groovy/2.4.13/de7b73bed517fa1323aab391b719b59c3702391a/groovy-2.4.13.jar:/Users/kevinarora/.gradle/caches/modules-2/files-2.1/org.apache.httpcomponents/httpmime/4.5.5/8281b24b8a493374cd2aa8a90c4156588f7dbcb6/httpmime-4.5.5.jar:/Users/kevinarora/.gradle/caches/modules-2/files-2.1/org.apache.httpcomponents/httpclient/4.5.5/1603dfd56ebcd583ccdf337b6c3984ac55d89e58/httpclient-4.5.5.jar:/Users/kevinarora/.gradle/caches/modules-2/files-2.1/org.ccil.cowan.tagsoup/tagsoup/1.2.1/5584627487e984c03456266d3f8802eb85a9ce97/tagsoup-1.2.1.jar:/Users/kevinarora/.gradle/caches/modules-2/files-2.1/org.springframework.boot/spring-boot-starter-logging/2.0.0.RELEASE/fe939b71659ef1f98a53cce0b5bcf771685cf6a6/spring-boot-starter-logging-2.0.0.RELEASE.jar:/Users/kevinarora/.gradle/caches/modules-2/files-2.1/javax.annotation/javax.annotation-api/1.3.2/934c04d3cfef185a8008e7bf34331b79730a9d43/javax.annotation-api-1.3.2.jar:/Users/kevinarora/.gradle/caches/modules-2/files-2.1/org.yaml/snakeyaml/1.19/2d998d3d674b172a588e54ab619854d073f555b5/snakeyaml-1.19.jar:/Users/kevinarora/.gradle/caches/modules-2/files-2.1/org.aspectj/aspectjweaver/1.8.13/ad94df2a28d658a40dc27bbaff6a1ce5fbf04e9b/aspectjweaver-1.8.13.jar:/Users/kevinarora/.gradle/caches/modules-2/files-2.1/com.zaxxer/HikariCP/2.7.8/4a3a604fa2efa89621aa498d04e000b2bed90c39/HikariCP-2.7.8.jar:/Users/kevinarora/.gradle/caches/modules-2/files-2.1/org.hibernate.common/hibernate-commons-annotations/5.0.1.Final/71e1cff3fcb20d3b3af4f3363c3ddb24d33c6879/hibernate-commons-annotations-5.0.1.Final.jar:/Users/kevinarora/.gradle/caches/modules-2/files-2.1/org.jboss.logging/jboss-logging/3.3.2.Final/3789d00e859632e6c6206adc0c71625559e6e3b0/jboss-logging-3.3.2.Final.jar:/Users/kevinarora/.gradle/caches/modules-2/files-2.1/org.hibernate.javax.persistence/hibernate-jpa-2.1-api/1.0.0.Final/5e731d961297e5a07290bfaf3db1fbc8bbbf405a/hibernate-jpa-2.1-api-1.0.0.Final.jar:/Users/kevinarora/.gradle/caches/modules-2/files-2.1/org.javassist/javassist/3.22.0-GA/3e83394258ae2089be7219b971ec21a8288528ad/javassist-3.22.0-GA.jar:/Users/kevinarora/.gradle/caches/modules-2/files-2.1/antlr/antlr/2.7.7/83cd2cd674a217ade95a4bb83a8a14f351f48bd0/antlr-2.7.7.jar:/Users/kevinarora/.gradle/caches/modules-2/files-2.1/org.jboss/jandex/2.0.3.Final/bfc4d6257dbff7a33a357f0de116be6ff951d849/jandex-2.0.3.Final.jar:/Users/kevinarora/.gradle/caches/modules-2/files-2.1/com.fasterxml/classmate/1.3.4/3d5f48f10bbe4eb7bd862f10c0583be2e0053c6/classmate-1.3.4.jar:/Users/kevinarora/.gradle/caches/modules-2/files-2.1/dom4j/dom4j/1.6.1/5d3ccc056b6f056dbf0dddfdf43894b9065a8f94/dom4j-1.6.1.jar:/Users/kevinarora/.gradle/caches/modules-2/files-2.1/ch.qos.logback/logback-classic/1.2.3/7c4f3c474fb2c041d8028740440937705ebb473a/logback-classic-1.2.3.jar:/Users/kevinarora/.gradle/caches/modules-2/files-2.1/org.apache.logging.log4j/log4j-to-slf4j/2.10.0/f7e631ccf49cfc0aefa4a2a728da7d374c05bd3c/log4j-to-slf4j-2.10.0.jar:/Users/kevinarora/.gradle/caches/modules-2/files-2.1/org.slf4j/jul-to-slf4j/1.7.25/af5364cd6679bfffb114f0dec8a157aaa283b76/jul-to-slf4j-1.7.25.jar:/Users/kevinarora/.gradle/caches/modules-2/files-2.1/org.slf4j/slf4j-api/1.7.25/da76ca59f6a57ee3102f8f9bd9cee742973efa8a/slf4j-api-1.7.25.jar:/Users/kevinarora/.gradle/caches/modules-2/files-2.1/com.fasterxml.jackson.datatype/jackson-datatype-jdk8/2.9.4/63ac052d52a70a15820d3dc07ea757826fd51d40/jackson-datatype-jdk8-2.9.4.jar:/Users/kevinarora/.gradle/caches/modules-2/files-2.1/com.fasterxml.jackson.datatype/jackson-datatype-jsr310/2.9.4/12d52679a6615c7972ea25bd8ebb60b191fe79b7/jackson-datatype-jsr310-2.9.4.jar:/Users/kevinarora/.gradle/caches/modules-2/files-2.1/com.fasterxml.jackson.module/jackson-module-parameter-names/2.9.4/5833c819877c3e85bad847f4d2fa4e70379217c6/jackson-module-parameter-names-2.9.4.jar:/Users/kevinarora/.gradle/caches/modules-2/files-2.1/com.fasterxml.jackson.core/jackson-databind/2.9.4/498bbc3b94f566982c7f7c6d4d303fce365529be/jackson-databind-2.9.4.jar:/Users/kevinarora/.gradle/caches/modules-2/files-2.1/org.apache.tomcat.embed/tomcat-embed-websocket/8.5.28/8a5a48740dd80cad644ceb541e77fd8e0809e3b7/tomcat-embed-websocket-8.5.28.jar:/Users/kevinarora/.gradle/caches/modules-2/files-2.1/org.apache.tomcat.embed/tomcat-embed-core/8.5.28/b684c98cf77c6528079c4e59fc1feeb218bf82f1/tomcat-embed-core-8.5.28.jar:/Users/kevinarora/.gradle/caches/modules-2/files-2.1/org.apache.tomcat.embed/tomcat-embed-el/8.5.28/75745598f60646ccf0c4b105468a9c8be9b8432e/tomcat-embed-el-8.5.28.jar:/Users/kevinarora/.gradle/caches/modules-2/files-2.1/javax.validation/validation-api/2.0.1.Final/cb855558e6271b1b32e716d24cb85c7f583ce09e/validation-api-2.0.1.Final.jar:/Users/kevinarora/.gradle/caches/modules-2/files-2.1/net.minidev/json-smart/2.3/7396407491352ce4fa30de92efb158adb76b5b/json-smart-2.3.jar:/Users/kevinarora/.gradle/caches/modules-2/files-2.1/net.bytebuddy/byte-buddy/1.7.10/3c8ec287c0a5bd04b1e3f11723bc46a50346602b/byte-buddy-1.7.10.jar:/Users/kevinarora/.gradle/caches/modules-2/files-2.1/net.bytebuddy/byte-buddy-agent/1.7.10/9b092a8fb9112b89f6cb23fc929cfb931b14007b/byte-buddy-agent-1.7.10.jar:/Users/kevinarora/.gradle/caches/modules-2/files-2.1/org.objenesis/objenesis/2.6/639033469776fd37c08358c6b92a4761feb2af4b/objenesis-2.6.jar:/Users/kevinarora/.gradle/caches/modules-2/files-2.1/com.vaadin.external.google/android-json/0.0.20131108.vaadin1/fa26d351fe62a6a17f5cda1287c1c6110dec413f/android-json-0.0.20131108.vaadin1.jar:/Users/kevinarora/.gradle/caches/modules-2/files-2.1/org.springframework/spring-jcl/5.0.4.RELEASE/3053e2bad0a18571bdbb9596ce51f9d458f5934f/spring-jcl-5.0.4.RELEASE.jar:/Users/kevinarora/.gradle/caches/modules-2/files-2.1/org.apache.httpcomponents/httpcore/4.4.9/a86ce739e5a7175b4b234c290a00a5fdb80957a0/httpcore-4.4.9.jar:/Users/kevinarora/.gradle/caches/modules-2/files-2.1/commons-codec/commons-codec/1.11/3acb4705652e16236558f0f4f2192cc33c3bd189/commons-codec-1.11.jar:/Users/kevinarora/.gradle/caches/modules-2/files-2.1/org.apache.commons/commons-lang3/3.7/557edd918fd41f9260963583ebf5a61a43a6b423/commons-lang3-3.7.jar:/Users/kevinarora/.gradle/caches/modules-2/files-2.1/javax.xml.bind/jaxb-api/2.3.0/99f802e0cb3e953ba3d6e698795c4aeb98d37c48/jaxb-api-2.3.0.jar:/Users/kevinarora/.gradle/caches/modules-2/files-2.1/com.fasterxml.jackson.core/jackson-annotations/2.9.0/7c10d545325e3a6e72e06381afe469fd40eb701/jackson-annotations-2.9.0.jar:/Users/kevinarora/.gradle/caches/modules-2/files-2.1/com.fasterxml.jackson.core/jackson-core/2.9.4/a9a71ec1aa37da47db168fede9a4a5fb5e374320/jackson-core-2.9.4.jar:/Users/kevinarora/.gradle/caches/modules-2/files-2.1/net.minidev/accessors-smart/1.2/c592b500269bfde36096641b01238a8350f8aa31/accessors-smart-1.2.jar:/Users/kevinarora/.gradle/caches/modules-2/files-2.1/ch.qos.logback/logback-core/1.2.3/864344400c3d4d92dfeb0a305dc87d953677c03c/logback-core-1.2.3.jar:/Users/kevinarora/.gradle/caches/modules-2/files-2.1/org.apache.logging.log4j/log4j-api/2.10.0/fec5797a55b786184a537abd39c3fa1449d752d6/log4j-api-2.10.0.jar:/Users/kevinarora/.gradle/caches/modules-2/files-2.1/org.ow2.asm/asm/5.0.4/da08b8cce7bbf903602a25a3a163ae252435795/asm-5.0.4.jar, users-api_1.host=localhost, org.gradle.native=false, postgresdev_1.host=localhost, api-gateway.containerHostname=29b808c4a7ee, java.vm.specification.name=Java Virtual Machine Specification, java.vm.specification.version=1.8, postgresdev.tcp.5432=5432, sun.cpu.endian=little, sun.os.patch.level=unknown, postgresdev.containerHostname=72ac39e98efb, java.io.tmpdir=/var/folders/my/vlwzvzhs6fd157vqsf9q7klh0000gn/T/, java.vendor.url.bug=http://bugreport.sun.com/bugreport/, os.arch=x86_64, java.awt.graphicsenv=sun.awt.CGraphicsEnvironment, java.ext.dirs=/Users/kevinarora/Library/Java/Extensions:/Library/Java/JavaVirtualMachines/jdk1.8.0_161.jdk/Contents/Home/jre/lib/ext:/Library/Java/Extensions:/Network/Library/Java/Extensions:/System/Library/Java/Extensions:/usr/lib/java, users-api_1.tcp.8081=8081, user.dir=/Users/kevinarora/project4, eureka_1.containerHostname=d7cb6ac3698f, line.separator=
, java.vm.name=Java HotSpot(TM) 64-Bit Server VM, users-api.host=localhost, file.encoding=UTF-8, postgresdev_1.tcp.5432=5432, users-api.tcp.8081=8081, java.specification.version=1.8, api-gateway_1.tcp.8080=8080, postgresdev.host=localhost, api-gateway.tcp.8080=8080}}, SystemEnvironmentPropertySource@2137576984 {name='systemEnvironment', properties={EUREKA_1_HOST=localhost, PATH=/Users/kevinarora/.sdkman/candidates/springboot/current/bin:/Users/kevinarora/anaconda/bin:/Users/kevinarora/.nvm/versions/node/v6.6.0/bin:/Users/kevinarora/.rbenv/shims:/usr/local/heroku/bin:/usr/local/bin:/usr/local/sbin:/usr/local/share/npm/bin:/Users/kevinarora/.rbenv/bin:/usr/local/bin:/usr/bin:/bin:/usr/sbin:/sbin:/opt/X11/bin, SDKMAN_VERSION=5.6.2+294, HISTCONTROL=ignoreboth, POSTGRESDEV_HOST=localhost, APP_NAME_17560=Gradle, POSTGRESDEV_1_CONTAINER_HOSTNAME=72ac39e98efb, APP_ICON_17560=/Users/kevinarora/project4/media/gradle.icns, RBENV_SHELL=bash, API-GATEWAY_1_TCP_8080=8080, EUREKA_CONTAINER_HOSTNAME=d7cb6ac3698f, NODE_REPL_HISTORY_FILE=/Users/kevinarora/.node_repl_history, EUREKA_TCP_8761=8761, SDKMAN_DIR=/Users/kevinarora/.sdkman, LOGNAME=kevinarora, PWD=/Users/kevinarora/project4, TERM_PROGRAM_VERSION=361.1, SPRINGBOOT_HOME=/Users/kevinarora/.sdkman/candidates/springboot/current, EUREKA_1_TCP_8761=8761, API-GATEWAY_1_CONTAINER_HOSTNAME=29b808c4a7ee, USERS-API_1_CONTAINER_HOSTNAME=4d52e82787e5, NVM_CD_FLAGS=, JAVA_MAIN_CLASS_17732=worker.org.gradle.process.internal.worker.GradleWorkerMain, HISTIGNORE=h, SHELL=/bin/bash, USERS-API_1_HOST=localhost, NVM_PATH=/Users/kevinarora/.nvm/versions/node/v6.6.0/lib/node, OLDPWD=/Users/kevinarora/project4, SECURITYSESSIONID=186a7, API-GATEWAY_1_HOST=localhost, EUREKA_1_CONTAINER_HOSTNAME=d7cb6ac3698f, USERS-API_1_TCP_8081=8081, API-GATEWAY_HOST=localhost, TMPDIR=/var/folders/my/vlwzvzhs6fd157vqsf9q7klh0000gn/T/, XPC_FLAGS=0x0, USERS-API_HOST=localhost, TERM_SESSION_ID=F3356C1C-00A5-450F-9CA4-8E01C5ED392B, LC_ALL=en_US.UTF-8, NVM_IOJS_ORG_MIRROR=https://iojs.org/dist, __CF_USER_TEXT_ENCODING=0x1F5:0x0:0x0, Apple_PubSub_Socket_Render=/private/tmp/com.apple.launchd.59BptN9PbJ/Render, API-GATEWAY_TCP_8080=8080, SDKMAN_CURRENT_API=https://api.sdkman.io/2, SHLVL=1, JAVA_ARCH=x86_64, MANPATH=/Users/kevinarora/.nvm/versions/node/v6.6.0/share/man:/usr/local/share/man:/usr/share/man:/opt/X11/share/man:/Library/Developer/CommandLineTools/usr/share/man, HISTSIZE=32768, TERM=xterm-256color, LANG=en_US, HISTFILESIZE=32768, DISPLAY=/private/tmp/com.apple.launchd.UWfdH6l9SL/org.macosforge.xquartz:0, POSTGRESDEV_CONTAINER_HOSTNAME=72ac39e98efb, NVM_NODEJS_ORG_MIRROR=https://nodejs.org/dist, XPC_SERVICE_NAME=0, SDKMAN_CANDIDATES_DIR=/Users/kevinarora/.sdkman/candidates, SDKMAN_LEGACY_API=https://api.sdkman.io/1, NVM_DIR=/Users/kevinarora/.nvm, TERM_PROGRAM=Apple_Terminal, POSTGRESDEV_1_HOST=localhost, POSTGRESDEV_1_TCP_5432=5432, USERS-API_TCP_8081=8081, SDKMAN_PLATFORM=Darwin, USER=kevinarora, POSTGRESDEV_TCP_5432=5432, EUREKA_HOST=localhost, SSH_AUTH_SOCK=/private/tmp/com.apple.launchd.CCpWIzVVk0/Listeners, API-GATEWAY_CONTAINER_HOSTNAME=29b808c4a7ee, com.apple.java.jvmTask=CommandLine, JAVA_MAIN_CLASS_17560=org.gradle.wrapper.GradleWrapperMain, NVM_BIN=/Users/kevinarora/.nvm/versions/node/v6.6.0/bin, USERS-API_CONTAINER_HOSTNAME=4d52e82787e5, HOMEBREW_EDITOR=nano, HOME=/Users/kevinarora}}]
21:10:32.540 [Test worker] DEBUG org.springframework.test.context.support.TestPropertySourceUtils - Adding inlined properties to environment: {spring.jmx.enabled=false, org.springframework.boot.test.context.SpringBootTestContextBootstrapper=true}
21:10:32.541 [Test worker] DEBUG org.springframework.core.env.StandardEnvironment - Adding PropertySource 'Inlined Test Properties' with highest search precedence

  .   ____          _            __ _ _
 /\\ / ___'_ __ _ _(_)_ __  __ _ \ \ \ \
( ( )\___ | '_ | '_| | '_ \/ _` | \ \ \ \
 \\/  ___)| |_)| | | | | || (_| |  ) ) ) )
  '  |____| .__|_| |_|_| |_\__, | / / / /
 =========|_|==============|___/=/_/_/_/
 :: Spring Boot ::        (v2.0.0.RELEASE)

2018-04-04 21:10:32.747  INFO 17732 --- [    Test worker] c.e.m.features.UsersApiFeatureTest       : Starting UsersApiFeatureTest on Kevins-MBP-3.fios-router.home with PID 17732 (started by kevinarora in /Users/kevinarora/project4)
2018-04-04 21:10:32.748  INFO 17732 --- [    Test worker] c.e.m.features.UsersApiFeatureTest       : No active profile set, falling back to default profiles: default
2018-04-04 21:10:33.001  INFO 17732 --- [    Test worker] ConfigServletWebServerApplicationContext : Refreshing org.springframework.boot.web.servlet.context.AnnotationConfigServletWebServerApplicationContext@7a1ca0b0: startup date [Wed Apr 04 21:10:32 EDT 2018]; root of context hierarchy
2018-04-04 21:10:33.842  INFO 17732 --- [    Test worker] trationDelegate$BeanPostProcessorChecker : Bean 'org.springframework.transaction.annotation.ProxyTransactionManagementConfiguration' of type [org.springframework.transaction.annotation.ProxyTransactionManagementConfiguration$$EnhancerBySpringCGLIB$$887540fe] is not eligible for getting processed by all BeanPostProcessors (for example: not eligible for auto-proxying)
2018-04-04 21:10:34.126  INFO 17732 --- [    Test worker] o.s.b.w.embedded.tomcat.TomcatWebServer  : Tomcat initialized with port(s): 8080 (http)
2018-04-04 21:10:34.149  INFO 17732 --- [    Test worker] o.apache.catalina.core.StandardService   : Starting service [Tomcat]
2018-04-04 21:10:34.149  INFO 17732 --- [    Test worker] org.apache.catalina.core.StandardEngine  : Starting Servlet Engine: Apache Tomcat/8.5.28
2018-04-04 21:10:34.157  INFO 17732 --- [ost-startStop-1] o.a.catalina.core.AprLifecycleListener   : The APR based Apache Tomcat Native library which allows optimal performance in production environments was not found on the java.library.path: [/Users/kevinarora/Library/Java/Extensions:/Library/Java/Extensions:/Network/Library/Java/Extensions:/System/Library/Java/Extensions:/usr/lib/java:.]
2018-04-04 21:10:34.236  INFO 17732 --- [ost-startStop-1] o.a.c.c.C.[Tomcat].[localhost].[/]       : Initializing Spring embedded WebApplicationContext
2018-04-04 21:10:34.236  INFO 17732 --- [ost-startStop-1] o.s.web.context.ContextLoader            : Root WebApplicationContext: initialization completed in 1237 ms
2018-04-04 21:10:34.330  INFO 17732 --- [ost-startStop-1] o.s.b.w.servlet.ServletRegistrationBean  : Servlet dispatcherServlet mapped to [/]
2018-04-04 21:10:34.332  INFO 17732 --- [ost-startStop-1] o.s.b.w.servlet.FilterRegistrationBean   : Mapping filter: 'characterEncodingFilter' to: [/*]
2018-04-04 21:10:34.333  INFO 17732 --- [ost-startStop-1] o.s.b.w.servlet.FilterRegistrationBean   : Mapping filter: 'hiddenHttpMethodFilter' to: [/*]
2018-04-04 21:10:34.333  INFO 17732 --- [ost-startStop-1] o.s.b.w.servlet.FilterRegistrationBean   : Mapping filter: 'httpPutFormContentFilter' to: [/*]
2018-04-04 21:10:34.333  INFO 17732 --- [ost-startStop-1] o.s.b.w.servlet.FilterRegistrationBean   : Mapping filter: 'requestContextFilter' to: [/*]
2018-04-04 21:10:34.480  INFO 17732 --- [    Test worker] com.zaxxer.hikari.HikariDataSource       : HikariPool-1 - Starting...
2018-04-04 21:10:34.595  INFO 17732 --- [    Test worker] com.zaxxer.hikari.HikariDataSource       : HikariPool-1 - Start completed.
2018-04-04 21:10:34.647  INFO 17732 --- [    Test worker] j.LocalContainerEntityManagerFactoryBean : Building JPA container EntityManagerFactory for persistence unit 'default'
2018-04-04 21:10:34.665  INFO 17732 --- [    Test worker] o.hibernate.jpa.internal.util.LogHelper  : HHH000204: Processing PersistenceUnitInfo [
	name: default
	...]
2018-04-04 21:10:34.736  INFO 17732 --- [    Test worker] org.hibernate.Version                    : HHH000412: Hibernate Core {5.2.14.Final}
2018-04-04 21:10:34.738  INFO 17732 --- [    Test worker] org.hibernate.cfg.Environment            : HHH000206: hibernate.properties not found
2018-04-04 21:10:34.781  INFO 17732 --- [    Test worker] o.hibernate.annotations.common.Version   : HCANN000001: Hibernate Commons Annotations {5.0.1.Final}
2018-04-04 21:10:34.884  INFO 17732 --- [    Test worker] org.hibernate.dialect.Dialect            : HHH000400: Using dialect: org.hibernate.dialect.PostgreSQL9Dialect
2018-04-04 21:10:35.079  INFO 17732 --- [    Test worker] o.h.e.j.e.i.LobCreatorBuilderImpl        : HHH000424: Disabling contextual LOB creation as createClob() method threw error : java.lang.reflect.InvocationTargetException

java.lang.reflect.InvocationTargetException: null
	at sun.reflect.NativeMethodAccessorImpl.invoke0(Native Method) ~[na:1.8.0_161]
	at sun.reflect.NativeMethodAccessorImpl.invoke(NativeMethodAccessorImpl.java:62) ~[na:1.8.0_161]
	at sun.reflect.DelegatingMethodAccessorImpl.invoke(DelegatingMethodAccessorImpl.java:43) ~[na:1.8.0_161]
	at java.lang.reflect.Method.invoke(Method.java:498) ~[na:1.8.0_161]
	at org.hibernate.engine.jdbc.env.internal.LobCreatorBuilderImpl.useContextualLobCreation(LobCreatorBuilderImpl.java:113) [hibernate-core-5.2.14.Final.jar:5.2.14.Final]
	at org.hibernate.engine.jdbc.env.internal.LobCreatorBuilderImpl.makeLobCreatorBuilder(LobCreatorBuilderImpl.java:54) [hibernate-core-5.2.14.Final.jar:5.2.14.Final]
	at org.hibernate.engine.jdbc.env.internal.JdbcEnvironmentImpl.<init>(JdbcEnvironmentImpl.java:271) [hibernate-core-5.2.14.Final.jar:5.2.14.Final]
	at org.hibernate.engine.jdbc.env.internal.JdbcEnvironmentInitiator.initiateService(JdbcEnvironmentInitiator.java:114) [hibernate-core-5.2.14.Final.jar:5.2.14.Final]
	at org.hibernate.engine.jdbc.env.internal.JdbcEnvironmentInitiator.initiateService(JdbcEnvironmentInitiator.java:35) [hibernate-core-5.2.14.Final.jar:5.2.14.Final]
	at org.hibernate.boot.registry.internal.StandardServiceRegistryImpl.initiateService(StandardServiceRegistryImpl.java:88) [hibernate-core-5.2.14.Final.jar:5.2.14.Final]
	at org.hibernate.service.internal.AbstractServiceRegistryImpl.createService(AbstractServiceRegistryImpl.java:259) [hibernate-core-5.2.14.Final.jar:5.2.14.Final]
	at org.hibernate.service.internal.AbstractServiceRegistryImpl.initializeService(AbstractServiceRegistryImpl.java:233) [hibernate-core-5.2.14.Final.jar:5.2.14.Final]
	at org.hibernate.service.internal.AbstractServiceRegistryImpl.getService(AbstractServiceRegistryImpl.java:210) [hibernate-core-5.2.14.Final.jar:5.2.14.Final]
	at org.hibernate.engine.jdbc.internal.JdbcServicesImpl.configure(JdbcServicesImpl.java:51) [hibernate-core-5.2.14.Final.jar:5.2.14.Final]
	at org.hibernate.boot.registry.internal.StandardServiceRegistryImpl.configureService(StandardServiceRegistryImpl.java:94) [hibernate-core-5.2.14.Final.jar:5.2.14.Final]
	at org.hibernate.service.internal.AbstractServiceRegistryImpl.initializeService(AbstractServiceRegistryImpl.java:242) [hibernate-core-5.2.14.Final.jar:5.2.14.Final]
	at org.hibernate.service.internal.AbstractServiceRegistryImpl.getService(AbstractServiceRegistryImpl.java:210) [hibernate-core-5.2.14.Final.jar:5.2.14.Final]
	at org.hibernate.boot.model.process.spi.MetadataBuildingProcess.handleTypes(MetadataBuildingProcess.java:352) [hibernate-core-5.2.14.Final.jar:5.2.14.Final]
	at org.hibernate.boot.model.process.spi.MetadataBuildingProcess.complete(MetadataBuildingProcess.java:111) [hibernate-core-5.2.14.Final.jar:5.2.14.Final]
	at org.hibernate.jpa.boot.internal.EntityManagerFactoryBuilderImpl.metadata(EntityManagerFactoryBuilderImpl.java:861) [hibernate-core-5.2.14.Final.jar:5.2.14.Final]
	at org.hibernate.jpa.boot.internal.EntityManagerFactoryBuilderImpl.build(EntityManagerFactoryBuilderImpl.java:888) [hibernate-core-5.2.14.Final.jar:5.2.14.Final]
	at org.springframework.orm.jpa.vendor.SpringHibernateJpaPersistenceProvider.createContainerEntityManagerFactory(SpringHibernateJpaPersistenceProvider.java:57) [spring-orm-5.0.4.RELEASE.jar:5.0.4.RELEASE]
	at org.springframework.orm.jpa.LocalContainerEntityManagerFactoryBean.createNativeEntityManagerFactory(LocalContainerEntityManagerFactoryBean.java:365) [spring-orm-5.0.4.RELEASE.jar:5.0.4.RELEASE]
	at org.springframework.orm.jpa.AbstractEntityManagerFactoryBean.buildNativeEntityManagerFactory(AbstractEntityManagerFactoryBean.java:388) [spring-orm-5.0.4.RELEASE.jar:5.0.4.RELEASE]
	at org.springframework.orm.jpa.AbstractEntityManagerFactoryBean.afterPropertiesSet(AbstractEntityManagerFactoryBean.java:377) [spring-orm-5.0.4.RELEASE.jar:5.0.4.RELEASE]
	at org.springframework.orm.jpa.LocalContainerEntityManagerFactoryBean.afterPropertiesSet(LocalContainerEntityManagerFactoryBean.java:341) [spring-orm-5.0.4.RELEASE.jar:5.0.4.RELEASE]
	at org.springframework.beans.factory.support.AbstractAutowireCapableBeanFactory.invokeInitMethods(AbstractAutowireCapableBeanFactory.java:1769) [spring-beans-5.0.4.RELEASE.jar:5.0.4.RELEASE]
	at org.springframework.beans.factory.support.AbstractAutowireCapableBeanFactory.initializeBean(AbstractAutowireCapableBeanFactory.java:1706) [spring-beans-5.0.4.RELEASE.jar:5.0.4.RELEASE]
	at org.springframework.beans.factory.support.AbstractAutowireCapableBeanFactory.doCreateBean(AbstractAutowireCapableBeanFactory.java:583) [spring-beans-5.0.4.RELEASE.jar:5.0.4.RELEASE]
	at org.springframework.beans.factory.support.AbstractAutowireCapableBeanFactory.createBean(AbstractAutowireCapableBeanFactory.java:502) [spring-beans-5.0.4.RELEASE.jar:5.0.4.RELEASE]
	at org.springframework.beans.factory.support.AbstractBeanFactory.lambda$doGetBean$0(AbstractBeanFactory.java:312) [spring-beans-5.0.4.RELEASE.jar:5.0.4.RELEASE]
	at org.springframework.beans.factory.support.DefaultSingletonBeanRegistry.getSingleton(DefaultSingletonBeanRegistry.java:228) ~[spring-beans-5.0.4.RELEASE.jar:5.0.4.RELEASE]
	at org.springframework.beans.factory.support.AbstractBeanFactory.doGetBean(AbstractBeanFactory.java:310) [spring-beans-5.0.4.RELEASE.jar:5.0.4.RELEASE]
	at org.springframework.beans.factory.support.AbstractBeanFactory.getBean(AbstractBeanFactory.java:200) [spring-beans-5.0.4.RELEASE.jar:5.0.4.RELEASE]
	at org.springframework.context.support.AbstractApplicationContext.getBean(AbstractApplicationContext.java:1085) ~[spring-context-5.0.4.RELEASE.jar:5.0.4.RELEASE]
	at org.springframework.context.support.AbstractApplicationContext.finishBeanFactoryInitialization(AbstractApplicationContext.java:858) ~[spring-context-5.0.4.RELEASE.jar:5.0.4.RELEASE]
	at org.springframework.context.support.AbstractApplicationContext.refresh(AbstractApplicationContext.java:549) ~[spring-context-5.0.4.RELEASE.jar:5.0.4.RELEASE]
	at org.springframework.boot.web.servlet.context.ServletWebServerApplicationContext.refresh(ServletWebServerApplicationContext.java:140) ~[spring-boot-2.0.0.RELEASE.jar:2.0.0.RELEASE]
	at org.springframework.boot.SpringApplication.refresh(SpringApplication.java:752) ~[spring-boot-2.0.0.RELEASE.jar:2.0.0.RELEASE]
	at org.springframework.boot.SpringApplication.refreshContext(SpringApplication.java:388) ~[spring-boot-2.0.0.RELEASE.jar:2.0.0.RELEASE]
	at org.springframework.boot.SpringApplication.run(SpringApplication.java:327) ~[spring-boot-2.0.0.RELEASE.jar:2.0.0.RELEASE]
	at org.springframework.boot.test.context.SpringBootContextLoader.loadContext(SpringBootContextLoader.java:138) ~[spring-boot-test-2.0.0.RELEASE.jar:2.0.0.RELEASE]
	at org.springframework.test.context.cache.DefaultCacheAwareContextLoaderDelegate.loadContextInternal(DefaultCacheAwareContextLoaderDelegate.java:99) ~[spring-test-5.0.4.RELEASE.jar:5.0.4.RELEASE]
	at org.springframework.test.context.cache.DefaultCacheAwareContextLoaderDelegate.loadContext(DefaultCacheAwareContextLoaderDelegate.java:117) ~[spring-test-5.0.4.RELEASE.jar:5.0.4.RELEASE]
	at org.springframework.test.context.support.DefaultTestContext.getApplicationContext(DefaultTestContext.java:107) ~[spring-test-5.0.4.RELEASE.jar:5.0.4.RELEASE]
	at org.springframework.test.context.support.DependencyInjectionTestExecutionListener.injectDependencies(DependencyInjectionTestExecutionListener.java:117) ~[spring-test-5.0.4.RELEASE.jar:5.0.4.RELEASE]
	at org.springframework.test.context.support.DependencyInjectionTestExecutionListener.prepareTestInstance(DependencyInjectionTestExecutionListener.java:83) ~[spring-test-5.0.4.RELEASE.jar:5.0.4.RELEASE]
	at org.springframework.boot.test.autoconfigure.SpringBootDependencyInjectionTestExecutionListener.prepareTestInstance(SpringBootDependencyInjectionTestExecutionListener.java:44) ~[spring-boot-test-autoconfigure-2.0.0.RELEASE.jar:2.0.0.RELEASE]
	at org.springframework.test.context.TestContextManager.prepareTestInstance(TestContextManager.java:242) ~[spring-test-5.0.4.RELEASE.jar:5.0.4.RELEASE]
	at org.springframework.test.context.junit4.SpringJUnit4ClassRunner.createTest(SpringJUnit4ClassRunner.java:227) ~[spring-test-5.0.4.RELEASE.jar:5.0.4.RELEASE]
	at org.springframework.test.context.junit4.SpringJUnit4ClassRunner$1.runReflectiveCall(SpringJUnit4ClassRunner.java:289) ~[spring-test-5.0.4.RELEASE.jar:5.0.4.RELEASE]
	at org.junit.internal.runners.model.ReflectiveCallable.run(ReflectiveCallable.java:12) ~[junit-4.12.jar:4.12]
	at org.springframework.test.context.junit4.SpringJUnit4ClassRunner.methodBlock(SpringJUnit4ClassRunner.java:291) ~[spring-test-5.0.4.RELEASE.jar:5.0.4.RELEASE]
	at org.springframework.test.context.junit4.SpringJUnit4ClassRunner.runChild(SpringJUnit4ClassRunner.java:246) ~[spring-test-5.0.4.RELEASE.jar:5.0.4.RELEASE]
	at org.springframework.test.context.junit4.SpringJUnit4ClassRunner.runChild(SpringJUnit4ClassRunner.java:97) ~[spring-test-5.0.4.RELEASE.jar:5.0.4.RELEASE]
	at org.junit.runners.ParentRunner$3.run(ParentRunner.java:290) ~[junit-4.12.jar:4.12]
	at org.junit.runners.ParentRunner$1.schedule(ParentRunner.java:71) ~[junit-4.12.jar:4.12]
	at org.junit.runners.ParentRunner.runChildren(ParentRunner.java:288) ~[junit-4.12.jar:4.12]
	at org.junit.runners.ParentRunner.access$000(ParentRunner.java:58) ~[junit-4.12.jar:4.12]
	at org.junit.runners.ParentRunner$2.evaluate(ParentRunner.java:268) ~[junit-4.12.jar:4.12]
	at org.springframework.test.context.junit4.statements.RunBeforeTestClassCallbacks.evaluate(RunBeforeTestClassCallbacks.java:61) ~[spring-test-5.0.4.RELEASE.jar:5.0.4.RELEASE]
	at org.springframework.test.context.junit4.statements.RunAfterTestClassCallbacks.evaluate(RunAfterTestClassCallbacks.java:70) ~[spring-test-5.0.4.RELEASE.jar:5.0.4.RELEASE]
	at org.junit.runners.ParentRunner.run(ParentRunner.java:363) ~[junit-4.12.jar:4.12]
	at org.springframework.test.context.junit4.SpringJUnit4ClassRunner.run(SpringJUnit4ClassRunner.java:190) ~[spring-test-5.0.4.RELEASE.jar:5.0.4.RELEASE]
	at org.gradle.api.internal.tasks.testing.junit.JUnitTestClassExecuter.runTestClass(JUnitTestClassExecuter.java:114) ~[na:na]
	at org.gradle.api.internal.tasks.testing.junit.JUnitTestClassExecuter.execute(JUnitTestClassExecuter.java:57) ~[na:na]
	at org.gradle.api.internal.tasks.testing.junit.JUnitTestClassProcessor.processTestClass(JUnitTestClassProcessor.java:66) ~[na:na]
	at org.gradle.api.internal.tasks.testing.SuiteTestClassProcessor.processTestClass(SuiteTestClassProcessor.java:51) ~[na:na]
	at sun.reflect.NativeMethodAccessorImpl.invoke0(Native Method) ~[na:1.8.0_161]
	at sun.reflect.NativeMethodAccessorImpl.invoke(NativeMethodAccessorImpl.java:62) ~[na:1.8.0_161]
	at sun.reflect.DelegatingMethodAccessorImpl.invoke(DelegatingMethodAccessorImpl.java:43) ~[na:1.8.0_161]
	at java.lang.reflect.Method.invoke(Method.java:498) ~[na:1.8.0_161]
	at org.gradle.internal.dispatch.ReflectionDispatch.dispatch(ReflectionDispatch.java:35) ~[na:na]
	at org.gradle.internal.dispatch.ReflectionDispatch.dispatch(ReflectionDispatch.java:24) ~[na:na]
	at org.gradle.internal.dispatch.ContextClassLoaderDispatch.dispatch(ContextClassLoaderDispatch.java:32) ~[na:na]
	at org.gradle.internal.dispatch.ProxyDispatchAdapter$DispatchingInvocationHandler.invoke(ProxyDispatchAdapter.java:93) ~[na:na]
	at com.sun.proxy.$Proxy1.processTestClass(Unknown Source) ~[na:na]
	at org.gradle.api.internal.tasks.testing.worker.TestWorker.processTestClass(TestWorker.java:108) ~[na:na]
	at sun.reflect.NativeMethodAccessorImpl.invoke0(Native Method) ~[na:1.8.0_161]
	at sun.reflect.NativeMethodAccessorImpl.invoke(NativeMethodAccessorImpl.java:62) ~[na:1.8.0_161]
	at sun.reflect.DelegatingMethodAccessorImpl.invoke(DelegatingMethodAccessorImpl.java:43) ~[na:1.8.0_161]
	at java.lang.reflect.Method.invoke(Method.java:498) ~[na:1.8.0_161]
	at org.gradle.internal.dispatch.ReflectionDispatch.dispatch(ReflectionDispatch.java:35) ~[na:na]
	at org.gradle.internal.dispatch.ReflectionDispatch.dispatch(ReflectionDispatch.java:24) ~[na:na]
	at org.gradle.internal.remote.internal.hub.MessageHubBackedObjectConnection$DispatchWrapper.dispatch(MessageHubBackedObjectConnection.java:146) ~[na:na]
	at org.gradle.internal.remote.internal.hub.MessageHubBackedObjectConnection$DispatchWrapper.dispatch(MessageHubBackedObjectConnection.java:128) ~[na:na]
	at org.gradle.internal.remote.internal.hub.MessageHub$Handler.run(MessageHub.java:404) ~[na:na]
	at org.gradle.internal.concurrent.ExecutorPolicy$CatchAndRecordFailures.onExecute(ExecutorPolicy.java:63) ~[na:na]
	at org.gradle.internal.concurrent.ManagedExecutorImpl$1.run(ManagedExecutorImpl.java:46) ~[na:na]
	at java.util.concurrent.ThreadPoolExecutor.runWorker(ThreadPoolExecutor.java:1149) ~[na:1.8.0_161]
	at java.util.concurrent.ThreadPoolExecutor$Worker.run(ThreadPoolExecutor.java:624) ~[na:1.8.0_161]
	at org.gradle.internal.concurrent.ThreadFactoryImpl$ManagedThreadRunnable.run(ThreadFactoryImpl.java:55) ~[na:na]
	at java.lang.Thread.run(Thread.java:748) ~[na:1.8.0_161]
Caused by: java.sql.SQLFeatureNotSupportedException: Method org.postgresql.jdbc.PgConnection.createClob() is not yet implemented.
	at org.postgresql.Driver.notImplemented(Driver.java:683) ~[postgresql-42.2.1.jar:42.2.1]
	at org.postgresql.jdbc.PgConnection.createClob(PgConnection.java:1252) ~[postgresql-42.2.1.jar:42.2.1]
	... 93 common frames omitted

2018-04-04 21:10:35.084  INFO 17732 --- [    Test worker] org.hibernate.type.BasicTypeRegistry     : HHH000270: Type registration [java.util.UUID] overrides previous : org.hibernate.type.UUIDBinaryType@3d7313c9
2018-04-04 21:10:35.421  INFO 17732 --- [    Test worker] j.LocalContainerEntityManagerFactoryBean : Initialized JPA EntityManagerFactory for persistence unit 'default'
2018-04-04 21:10:36.016  INFO 17732 --- [    Test worker] s.w.s.m.m.a.RequestMappingHandlerAdapter : Looking for @ControllerAdvice: org.springframework.boot.web.servlet.context.AnnotationConfigServletWebServerApplicationContext@7a1ca0b0: startup date [Wed Apr 04 21:10:32 EDT 2018]; root of context hierarchy
2018-04-04 21:10:36.065  WARN 17732 --- [    Test worker] aWebConfiguration$JpaWebMvcConfiguration : spring.jpa.open-in-view is enabled by default. Therefore, database queries may be performed during view rendering. Explicitly configure spring.jpa.open-in-view to disable this warning
2018-04-04 21:10:36.099  INFO 17732 --- [    Test worker] s.w.s.m.m.a.RequestMappingHandlerMapping : Mapped "{[/error]}" onto public org.springframework.http.ResponseEntity<java.util.Map<java.lang.String, java.lang.Object>> org.springframework.boot.autoconfigure.web.servlet.error.BasicErrorController.error(javax.servlet.http.HttpServletRequest)
2018-04-04 21:10:36.100  INFO 17732 --- [    Test worker] s.w.s.m.m.a.RequestMappingHandlerMapping : Mapped "{[/error],produces=[text/html]}" onto public org.springframework.web.servlet.ModelAndView org.springframework.boot.autoconfigure.web.servlet.error.BasicErrorController.errorHtml(javax.servlet.http.HttpServletRequest,javax.servlet.http.HttpServletResponse)
2018-04-04 21:10:36.157  INFO 17732 --- [    Test worker] o.s.w.s.handler.SimpleUrlHandlerMapping  : Mapped URL path [/webjars/**] onto handler of type [class org.springframework.web.servlet.resource.ResourceHttpRequestHandler]
2018-04-04 21:10:36.157  INFO 17732 --- [    Test worker] o.s.w.s.handler.SimpleUrlHandlerMapping  : Mapped URL path [/**] onto handler of type [class org.springframework.web.servlet.resource.ResourceHttpRequestHandler]
2018-04-04 21:10:36.209  INFO 17732 --- [    Test worker] o.s.w.s.handler.SimpleUrlHandlerMapping  : Mapped URL path [/**/favicon.ico] onto handler of type [class org.springframework.web.servlet.resource.ResourceHttpRequestHandler]
2018-04-04 21:10:36.638  INFO 17732 --- [    Test worker] o.s.b.w.embedded.tomcat.TomcatWebServer  : Tomcat started on port(s): 8080 (http) with context path ''
2018-04-04 21:10:36.641  INFO 17732 --- [    Test worker] c.e.m.features.UsersApiFeatureTest       : Started UsersApiFeatureTest in 4.098 seconds (JVM running for 4.921)
2018-04-04 21:10:36.891  INFO 17732 --- [    Test worker] o.h.h.i.QueryTranslatorFactoryInitiator  : HHH000397: Using ASTQueryTranslatorFactory
]]></system-out>
  <system-err><![CDATA[]]></system-err>
</testsuite>
